{"level":"PANIC","time":"2023-09-12 19:32:38","caller":"HighPerformanceIMServerAuth/main.go:21","message":"Mysql 连接异常: dial tcp 127.0.0.1:3306: connectex: No connection could be made because the target machine actively refused it.","stacktrace":"main.InitConfigs\n\tH:/PROJECT/goSTU/HighPerformanceIMServerAuth/main.go:21\nmain.main\n\tH:/PROJECT/goSTU/HighPerformanceIMServerAuth/main.go:25\nruntime.main\n\tH:/APPS/GO/src/runtime/proc.go:250"}
{"level":"PANIC","time":"2023-09-12 19:32:56","caller":"HighPerformanceIMServerAuth/main.go:21","message":"Mysql 连接异常: dial tcp 127.0.0.1:3306: connectex: No connection could be made because the target machine actively refused it.","stacktrace":"main.InitConfigs\n\tH:/PROJECT/goSTU/HighPerformanceIMServerAuth/main.go:21\nmain.main\n\tH:/PROJECT/goSTU/HighPerformanceIMServerAuth/main.go:25\nruntime.main\n\tH:/APPS/GO/src/runtime/proc.go:250"}
{"level":"PANIC","time":"2023-09-12 19:33:02","caller":"HighPerformanceIMServerAuth/main.go:21","message":"Mysql 连接异常: Error 1045 (28000): Access denied for user 'root'@'172.17.0.1' (using password: YES)","stacktrace":"main.InitConfigs\n\tH:/PROJECT/goSTU/HighPerformanceIMServerAuth/main.go:21\nmain.main\n\tH:/PROJECT/goSTU/HighPerformanceIMServerAuth/main.go:25\nruntime.main\n\tH:/APPS/GO/src/runtime/proc.go:250"}
{"level":"INFO","time":"2023-09-12 19:33:36","caller":"HighPerformanceIMServerAuth/main.go:21","message":"mysql 连接成功"}
{"level":"INFO","time":"2023-09-12 19:33:36","caller":"MySQL/MySQL.go:35","message":"迁移表 &IMUsers.ImUsers{ID:0, Name:\"\", Email:\"\", Password:\"\", CreatedAt:\"\", UpdatedAt:\"\", Avatar:\"\", BoundOauth:0, OauthType:0, Status:0, Bio:\"\", Sex:0, ClientType:0, Age:0, LastLoginTime:\"\", Uid:\"\", UserJson:\"\", UserType:0} 成功"}
{"level":"INFO","time":"2023-09-12 19:33:36","caller":"HighPerformanceIMServerAuth/main.go:39","message":"Registered service '555' with Consul"}
{"level":"INFO","time":"2023-09-12 19:33:36","caller":"runtime/proc.go:250","message":"服务启动成功"}
{"level":"INFO","time":"2023-09-12 19:35:34","caller":"HighPerformanceIMServerAuth/main.go:21","message":"mysql 连接成功"}
{"level":"INFO","time":"2023-09-12 19:35:34","caller":"MySQL/MySQL.go:35","message":"迁移表 &IMUsers.ImUsers{ID:0, Name:\"\", Email:\"\", Password:\"\", CreatedAt:\"\", UpdatedAt:\"\", Avatar:\"\", BoundOauth:0, OauthType:0, Status:0, Bio:\"\", Sex:0, ClientType:0, Age:0, LastLoginTime:\"\", Uid:\"\", UserJson:\"\", UserType:0} 成功"}
{"level":"INFO","time":"2023-09-12 19:35:34","caller":"HighPerformanceIMServerAuth/main.go:39","message":"Registered service 'AuthGRPCService' with Consul"}
{"level":"INFO","time":"2023-09-12 19:35:34","caller":"runtime/proc.go:250","message":"服务启动成功"}
{"level":"INFO","time":"2023-09-12 19:41:05","caller":"HighPerformanceIMServerAuth/main.go:21","message":"mysql 连接成功"}
{"level":"INFO","time":"2023-09-12 19:41:05","caller":"MySQL/MySQL.go:35","message":"迁移表 &IMUsers.ImUsers{ID:0, Name:\"\", Email:\"\", Password:\"\", CreatedAt:\"\", UpdatedAt:\"\", Avatar:\"\", BoundOauth:0, OauthType:0, Status:0, Bio:\"\", Sex:0, ClientType:0, Age:0, LastLoginTime:\"\", Uid:\"\", UserJson:\"\", UserType:0} 成功"}
{"level":"INFO","time":"2023-09-12 19:41:05","caller":"HighPerformanceIMServerAuth/main.go:39","message":"Registered service 'AuthGRPCService' with Consul"}
{"level":"INFO","time":"2023-09-12 19:41:05","caller":"runtime/proc.go:250","message":"服务启动成功"}
{"level":"INFO","time":"2023-09-12 21:13:57","caller":"HighPerformanceIMServerAuth/main.go:21","message":"mysql 连接成功"}
{"level":"INFO","time":"2023-09-12 21:13:57","caller":"MySQL/MySQL.go:35","message":"迁移表 &IMUsers.ImUsers{ID:0, Name:\"\", Email:\"\", Password:\"\", CreatedAt:\"\", UpdatedAt:\"\", Avatar:\"\", BoundOauth:0, OauthType:0, Status:0, Bio:\"\", Sex:0, ClientType:0, Age:0, LastLoginTime:\"\", Uid:\"\", UserJson:\"\", UserType:0} 成功"}
{"level":"INFO","time":"2023-09-12 21:13:58","caller":"HighPerformanceIMServerAuth/main.go:39","message":"Registered service 'AuthGRPCService' with Consul"}
{"level":"INFO","time":"2023-09-12 21:13:58","caller":"runtime/proc.go:250","message":"服务启动成功"}
{"level":"INFO","time":"2023-09-12 21:31:59","caller":"HighPerformanceIMServerAuth/main.go:21","message":"mysql 连接成功"}
{"level":"INFO","time":"2023-09-12 21:32:00","caller":"MySQL/MySQL.go:35","message":"迁移表 &IMUsers.ImUsers{ID:0, Name:\"\", Email:\"\", Password:\"\", CreatedAt:\"\", UpdatedAt:\"\", Avatar:\"\", BoundOauth:0, OauthType:0, Status:0, Bio:\"\", Sex:0, ClientType:0, Age:0, LastLoginTime:\"\", Uid:\"\", UserJson:\"\", UserType:0} 成功"}
{"level":"INFO","time":"2023-09-12 21:38:09","caller":"HighPerformanceIMServerAuth/main.go:23","message":"mysql 连接成功"}
{"level":"INFO","time":"2023-09-12 21:38:09","caller":"MySQL/MySQL.go:35","message":"迁移表 &IMUsers.ImUsers{ID:0, Name:\"\", Email:\"\", Password:\"\", CreatedAt:\"\", UpdatedAt:\"\", Avatar:\"\", BoundOauth:0, OauthType:0, Status:0, Bio:\"\", Sex:0, ClientType:0, Age:0, LastLoginTime:\"\", Uid:\"\", UserJson:\"\", UserType:0} 成功"}
{"level":"INFO","time":"2023-09-12 21:38:20","caller":"HighPerformanceIMServerAuth/main.go:23","message":"mysql 连接成功"}
{"level":"INFO","time":"2023-09-12 21:38:20","caller":"MySQL/MySQL.go:35","message":"迁移表 &IMUsers.ImUsers{ID:0, Name:\"\", Email:\"\", Password:\"\", CreatedAt:\"\", UpdatedAt:\"\", Avatar:\"\", BoundOauth:0, OauthType:0, Status:0, Bio:\"\", Sex:0, ClientType:0, Age:0, LastLoginTime:\"\", Uid:\"\", UserJson:\"\", UserType:0} 成功"}
{"level":"INFO","time":"2023-09-12 21:38:45","caller":"HighPerformanceIMServerAuth/main.go:23","message":"mysql 连接成功"}
{"level":"INFO","time":"2023-09-12 21:38:45","caller":"MySQL/MySQL.go:35","message":"迁移表 &IMUsers.ImUsers{ID:0, Name:\"\", Email:\"\", Password:\"\", CreatedAt:\"\", UpdatedAt:\"\", Avatar:\"\", BoundOauth:0, OauthType:0, Status:0, Bio:\"\", Sex:0, ClientType:0, Age:0, LastLoginTime:\"\", Uid:\"\", UserJson:\"\", UserType:0} 成功"}
{"level":"INFO","time":"2023-09-12 21:51:04","caller":"HighPerformanceIMServerAuth/main.go:23","message":"mysql 连接成功"}
{"level":"INFO","time":"2023-09-12 21:51:04","caller":"MySQL/MySQL.go:35","message":"迁移表 &IMUsers.ImUsers{ID:0, Name:\"\", Email:\"\", Password:\"\", CreatedAt:\"\", UpdatedAt:\"\", Avatar:\"\", BoundOauth:0, OauthType:0, Status:0, Bio:\"\", Sex:0, ClientType:0, Age:0, LastLoginTime:\"\", Uid:\"\", UserJson:\"\", UserType:0} 成功"}
