{"level":"INFO","time":"2023-09-15 10:45:12","caller":"HighPerformanceIMServer/main.go:24","message":"mysql 连接成功"}
{"level":"INFO","time":"2023-09-15 10:45:12","caller":"MYSQL/MYSQL.go:46","message":"迁移表 &IMUser.ImUsers{ID:0, Name:\"\", Email:\"\", Password:\"\", CreatedAt:\"\", UpdatedAt:\"\", Avatar:\"\", BoundOauth:0, OauthType:0, Status:0, Bio:\"\", Sex:0, ClientType:0, Age:0, LastLoginTime:\"\", Uid:\"\", UserJson:\"\", UserType:0} 成功"}
{"level":"INFO","time":"2023-09-15 10:45:12","caller":"MYSQL/MYSQL.go:48","message":"迁移表 &IMSessions.ImSessions{Id:0, FromId:0, ToId:0, GroupId:0, CreatedAt:\"\", TopStatus:0, TopTime:\"\", Note:\"\", ChannelType:0, Name:\"\", Avatar:\"\", Status:0, Users:IMSessions.ImUsers{ID:0, Name:\"\", Email:\"\", Avatar:\"\", Status:0, Bio:\"\", Sex:0, ClientType:0, Age:0, LastLoginTime:\"\"}, Groups:IMSessions.ImGroups{ID:0, UserId:0, Name:\"\", CreatedAt:\"\", Info:\"\", Avatar:\"\", IsPwd:0, Hot:0}} 成功"}
{"level":"INFO","time":"2023-09-15 10:45:12","caller":"MYSQL/MYSQL.go:50","message":"迁移表 &IMGroupUsers.ImGroupUsers{Id:0, UserId:0, CreatedAt:\"\", GroupId:0, Remark:\"\", Avatar:\"\", Name:\"\", Users:IMGroupUsers.ImUsers{ID:0, Name:\"\", Email:\"\", Avatar:\"\", Status:0, Bio:\"\", Sex:0, ClientType:0, Age:0, LastLoginTime:\"\", Uid:\"\"}} 成功"}
{"level":"INFO","time":"2023-09-15 10:45:13","caller":"MYSQL/MYSQL.go:52","message":"迁移表 &IMGroups.ImGroups{Id:0, UserId:0, Name:\"\", CreatedAt:\"\", Info:\"\", Avatar:\"\", Password:\"\", IsPwd:0, Hot:0} 成功"}
{"level":"INFO","time":"2023-09-15 10:45:13","caller":"MYSQL/MYSQL.go:55","message":"迁移表 &IMOfflineMessage.ImOfflineMessages{Id:0, ReceiveId:0, Message:\"\", SendTime:0, Status:0} 成功"}
{"level":"INFO","time":"2023-09-15 10:45:13","caller":"MYSQL/MYSQL.go:57","message":"迁移表 &IMOfflineMessage.ImGroupOfflineMessages{Id:0, Message:\"\", SendTime:0, Status:0, ReceiveId:0} 成功"}
{"level":"INFO","time":"2023-09-15 10:45:13","caller":"MYSQL/MYSQL.go:59","message":"迁移表 &IMMessages.ImMessages{Id:0, Msg:\"\", CreatedAt:\"\", FromId:0, ToId:0, IsRead:0, MsgType:0, Status:0, Data:\"\", Users:IMMessages.ImUsers{ID:0, Name:\"\", Email:\"\", Avatar:\"\"}} 成功"}
{"level":"INFO","time":"2023-09-15 10:45:13","caller":"MYSQL/MYSQL.go:61","message":"迁移表 &IMGroupMessages.ImGroupMessages{Id:0, Message:\"\", CreatedAt:\"\", Data:\"\", SendTime:0, MsgType:0, MessageId:0, ClientMessageId:0, FromId:0, GroupId:0, Users:IMGroupMessages.ImUsers{ID:0, Name:\"\", Email:\"\", Avatar:\"\"}} 成功"}
{"level":"INFO","time":"2023-09-15 10:45:13","caller":"MYSQL/MYSQL.go:63","message":"迁移表 &IMFriendsRecords.ImFriendRecords{Id:0, FromId:0, ToId:0, Status:0, CreatedAt:\"\", Information:\"\", Users:IMFriendsRecords.ImUsers{Id:0, Name:\"\", Avatar:\"\"}} 成功"}
{"level":"INFO","time":"2023-09-15 10:45:13","caller":"MYSQL/MYSQL.go:65","message":"迁移表 &IMFriends.ImFriends{BaseModel:Models.BaseModel{ID:0x0}, Id:0, FromId:0, ToId:0, CreatedAt:\"\", UpdatedAt:\"\", Note:\"\", TopTime:\"\", Status:0, Uid:\"\", Users:IMFriends.ImUsers{ID:0, Name:\"\", Email:\"\", Avatar:\"\", Status:0, Bio:\"\", Sex:0, ClientType:0, Age:0, LastLoginTime:\"\", Uid:\"\"}} 成功"}
{"level":"INFO","time":"2023-09-15 10:45:13","caller":"HighPerformanceIMServer/main.go:44","message":"Registered service 'Im-Services' with Consul"}
{"level":"INFO","time":"2023-09-15 15:57:07","caller":"HighPerformanceIMServer/main.go:24","message":"mysql 连接成功"}
{"level":"INFO","time":"2023-09-15 15:57:07","caller":"MYSQL/MYSQL.go:46","message":"迁移表 &IMUser.ImUsers{ID:0, Name:\"\", Email:\"\", Password:\"\", CreatedAt:\"\", UpdatedAt:\"\", Avatar:\"\", BoundOauth:0, OauthType:0, Status:0, Bio:\"\", Sex:0, ClientType:0, Age:0, LastLoginTime:\"\", Uid:\"\", UserJson:\"\", UserType:0} 成功"}
{"level":"INFO","time":"2023-09-15 15:57:07","caller":"MYSQL/MYSQL.go:48","message":"迁移表 &IMSessions.ImSessions{Id:0, FromId:0, ToId:0, GroupId:0, CreatedAt:\"\", TopStatus:0, TopTime:\"\", Note:\"\", ChannelType:0, Name:\"\", Avatar:\"\", Status:0, Users:IMSessions.ImUsers{ID:0, Name:\"\", Email:\"\", Avatar:\"\", Status:0, Bio:\"\", Sex:0, ClientType:0, Age:0, LastLoginTime:\"\"}, Groups:IMSessions.ImGroups{ID:0, UserId:0, Name:\"\", CreatedAt:\"\", Info:\"\", Avatar:\"\", IsPwd:0, Hot:0}} 成功"}
{"level":"INFO","time":"2023-09-15 15:57:07","caller":"MYSQL/MYSQL.go:50","message":"迁移表 &IMGroupUsers.ImGroupUsers{Id:0, UserId:0, CreatedAt:\"\", GroupId:0, Remark:\"\", Avatar:\"\", Name:\"\", Users:IMGroupUsers.ImUsers{ID:0, Name:\"\", Email:\"\", Avatar:\"\", Status:0, Bio:\"\", Sex:0, ClientType:0, Age:0, LastLoginTime:\"\", Uid:\"\"}} 成功"}
{"level":"INFO","time":"2023-09-15 15:57:07","caller":"MYSQL/MYSQL.go:52","message":"迁移表 &IMGroups.ImGroups{Id:0, UserId:0, Name:\"\", CreatedAt:\"\", Info:\"\", Avatar:\"\", Password:\"\", IsPwd:0, Hot:0} 成功"}
{"level":"INFO","time":"2023-09-15 15:57:07","caller":"MYSQL/MYSQL.go:55","message":"迁移表 &IMOfflineMessage.ImOfflineMessages{Id:0, ReceiveId:0, Message:\"\", SendTime:0, Status:0} 成功"}
{"level":"INFO","time":"2023-09-15 15:57:07","caller":"MYSQL/MYSQL.go:57","message":"迁移表 &IMOfflineMessage.ImGroupOfflineMessages{Id:0, Message:\"\", SendTime:0, Status:0, ReceiveId:0} 成功"}
{"level":"INFO","time":"2023-09-15 15:57:07","caller":"MYSQL/MYSQL.go:59","message":"迁移表 &IMMessages.ImMessages{Id:0, Msg:\"\", CreatedAt:\"\", FromId:0, ToId:0, IsRead:0, MsgType:0, Status:0, Data:\"\", Users:IMMessages.ImUsers{ID:0, Name:\"\", Email:\"\", Avatar:\"\"}} 成功"}
{"level":"INFO","time":"2023-09-15 15:57:07","caller":"MYSQL/MYSQL.go:61","message":"迁移表 &IMGroupMessages.ImGroupMessages{Id:0, Message:\"\", CreatedAt:\"\", Data:\"\", SendTime:0, MsgType:0, MessageId:0, ClientMessageId:0, FromId:0, GroupId:0, Users:IMGroupMessages.ImUsers{ID:0, Name:\"\", Email:\"\", Avatar:\"\"}} 成功"}
{"level":"INFO","time":"2023-09-15 15:57:07","caller":"MYSQL/MYSQL.go:63","message":"迁移表 &IMFriendsRecords.ImFriendRecords{Id:0, FromId:0, ToId:0, Status:0, CreatedAt:\"\", Information:\"\", Users:IMFriendsRecords.ImUsers{Id:0, Name:\"\", Avatar:\"\"}} 成功"}
{"level":"INFO","time":"2023-09-15 15:57:07","caller":"MYSQL/MYSQL.go:65","message":"迁移表 &IMFriends.ImFriends{BaseModel:Models.BaseModel{ID:0x0}, Id:0, FromId:0, ToId:0, CreatedAt:\"\", UpdatedAt:\"\", Note:\"\", TopTime:\"\", Status:0, Uid:\"\", Users:IMFriends.ImUsers{ID:0, Name:\"\", Email:\"\", Avatar:\"\", Status:0, Bio:\"\", Sex:0, ClientType:0, Age:0, LastLoginTime:\"\", Uid:\"\"}} 成功"}
{"level":"INFO","time":"2023-09-15 15:57:07","caller":"HighPerformanceIMServer/main.go:44","message":"Registered service 'Im-Services' with Consul"}
{"level":"INFO","time":"2023-09-15 15:58:39","caller":"gin@v1.9.1/context.go:174","message":"获取sessions list 成功"}
{"level":"INFO","time":"2023-09-15 15:58:39","caller":"Sessions/Sessions.go:44","message":"response data: []interface {}(nil)"}
{"level":"INFO","time":"2023-09-15 15:58:39","caller":"Sessions/Sessions.go:44","message":"FailResponse return success,response data: &Response.JsonResponse{Code:200, Message:\"success\", Data:struct {}{}, HttpCode:0}"}
{"level":"INFO","time":"2023-09-15 16:10:31","caller":"gin@v1.9.1/context.go:174","message":"获取sessions list 成功"}
{"level":"INFO","time":"2023-09-15 16:10:31","caller":"Sessions/Sessions.go:44","message":"response data: []interface {}(nil)"}
{"level":"INFO","time":"2023-09-15 16:10:31","caller":"Sessions/Sessions.go:44","message":"FailResponse return success,response data: &Response.JsonResponse{Code:200, Message:\"success\", Data:struct {}{}, HttpCode:0}"}
{"level":"INFO","time":"2023-09-15 16:10:48","caller":"gin@v1.9.1/context.go:174","message":"获取sessions list 成功"}
{"level":"INFO","time":"2023-09-15 16:10:48","caller":"Sessions/Sessions.go:44","message":"response data: []interface {}(nil)"}
{"level":"INFO","time":"2023-09-15 16:10:48","caller":"Sessions/Sessions.go:44","message":"FailResponse return success,response data: &Response.JsonResponse{Code:200, Message:\"success\", Data:struct {}{}, HttpCode:0}"}
{"level":"INFO","time":"2023-09-15 16:10:52","caller":"gin@v1.9.1/context.go:174","message":"获取sessions list 成功"}
{"level":"INFO","time":"2023-09-15 16:10:52","caller":"Sessions/Sessions.go:44","message":"response data: []interface {}(nil)"}
{"level":"INFO","time":"2023-09-15 16:10:52","caller":"Sessions/Sessions.go:44","message":"FailResponse return success,response data: &Response.JsonResponse{Code:200, Message:\"success\", Data:struct {}{}, HttpCode:0}"}
{"level":"INFO","time":"2023-09-15 16:10:54","caller":"gin@v1.9.1/context.go:174","message":"获取sessions list 成功"}
{"level":"INFO","time":"2023-09-15 16:10:54","caller":"Sessions/Sessions.go:44","message":"response data: []interface {}(nil)"}
{"level":"INFO","time":"2023-09-15 16:10:54","caller":"Sessions/Sessions.go:44","message":"FailResponse return success,response data: &Response.JsonResponse{Code:200, Message:\"success\", Data:struct {}{}, HttpCode:0}"}
{"level":"INFO","time":"2023-09-15 16:10:54","caller":"gin@v1.9.1/context.go:174","message":"获取sessions list 成功"}
{"level":"INFO","time":"2023-09-15 16:10:54","caller":"Sessions/Sessions.go:44","message":"response data: []interface {}(nil)"}
{"level":"INFO","time":"2023-09-15 16:10:54","caller":"Sessions/Sessions.go:44","message":"FailResponse return success,response data: &Response.JsonResponse{Code:200, Message:\"success\", Data:struct {}{}, HttpCode:0}"}
{"level":"INFO","time":"2023-09-15 16:10:55","caller":"gin@v1.9.1/context.go:174","message":"获取sessions list 成功"}
{"level":"INFO","time":"2023-09-15 16:10:55","caller":"Sessions/Sessions.go:44","message":"response data: []interface {}(nil)"}
{"level":"INFO","time":"2023-09-15 16:10:55","caller":"Sessions/Sessions.go:44","message":"FailResponse return success,response data: &Response.JsonResponse{Code:200, Message:\"success\", Data:struct {}{}, HttpCode:0}"}
{"level":"INFO","time":"2023-09-15 16:10:55","caller":"gin@v1.9.1/context.go:174","message":"获取sessions list 成功"}
{"level":"INFO","time":"2023-09-15 16:10:55","caller":"Sessions/Sessions.go:44","message":"response data: []interface {}(nil)"}
{"level":"INFO","time":"2023-09-15 16:10:55","caller":"Sessions/Sessions.go:44","message":"FailResponse return success,response data: &Response.JsonResponse{Code:200, Message:\"success\", Data:struct {}{}, HttpCode:0}"}
{"level":"INFO","time":"2023-09-15 16:10:56","caller":"gin@v1.9.1/context.go:174","message":"获取sessions list 成功"}
{"level":"INFO","time":"2023-09-15 16:10:56","caller":"Sessions/Sessions.go:44","message":"response data: []interface {}(nil)"}
{"level":"INFO","time":"2023-09-15 16:10:56","caller":"Sessions/Sessions.go:44","message":"FailResponse return success,response data: &Response.JsonResponse{Code:200, Message:\"success\", Data:struct {}{}, HttpCode:0}"}
{"level":"INFO","time":"2023-09-15 16:10:56","caller":"gin@v1.9.1/context.go:174","message":"获取sessions list 成功"}
{"level":"INFO","time":"2023-09-15 16:10:56","caller":"Sessions/Sessions.go:44","message":"response data: []interface {}(nil)"}
{"level":"INFO","time":"2023-09-15 16:10:56","caller":"Sessions/Sessions.go:44","message":"FailResponse return success,response data: &Response.JsonResponse{Code:200, Message:\"success\", Data:struct {}{}, HttpCode:0}"}
{"level":"INFO","time":"2023-09-15 16:12:38","caller":"Friend/Friend.go:34","message":"response data: []interface {}{[]IMFriends.ImFriends{}}"}
{"level":"INFO","time":"2023-09-15 16:12:38","caller":"Friend/Friend.go:34","message":"FailResponse return success,response data: &Response.JsonResponse{Code:200, Message:\"success\", Data:[]IMFriends.ImFriends{}, HttpCode:0}"}
