{"level":"INFO","time":"2023-09-14 18:11:57","caller":"HighPerformanceIMServer/main.go:23","message":"mysql 连接成功"}
{"level":"INFO","time":"2023-09-14 18:11:57","caller":"MYSQL/MYSQL.go:46","message":"迁移表 &IMUser.ImUsers{ID:0, Name:\"\", Email:\"\", Password:\"\", CreatedAt:\"\", UpdatedAt:\"\", Avatar:\"\", BoundOauth:0, OauthType:0, Status:0, Bio:\"\", Sex:0, ClientType:0, Age:0, LastLoginTime:\"\", Uid:\"\", UserJson:\"\", UserType:0} 成功"}
{"level":"INFO","time":"2023-09-14 18:11:57","caller":"MYSQL/MYSQL.go:48","message":"迁移表 &IMSessions.ImSessions{Id:0, FromId:0, ToId:0, GroupId:0, CreatedAt:\"\", TopStatus:0, TopTime:\"\", Note:\"\", ChannelType:0, Name:\"\", Avatar:\"\", Status:0, Users:IMSessions.ImUsers{ID:0, Name:\"\", Email:\"\", Avatar:\"\", Status:0, Bio:\"\", Sex:0, ClientType:0, Age:0, LastLoginTime:\"\"}, Groups:IMSessions.ImGroups{ID:0, UserId:0, Name:\"\", CreatedAt:\"\", Info:\"\", Avatar:\"\", IsPwd:0, Hot:0}} 成功"}
{"level":"INFO","time":"2023-09-14 18:11:57","caller":"MYSQL/MYSQL.go:50","message":"迁移表 &IMGroupUsers.ImGroupUsers{Id:0, UserId:0, CreatedAt:\"\", GroupId:0, Remark:\"\", Avatar:\"\", Name:\"\", Users:IMGroupUsers.ImUsers{ID:0, Name:\"\", Email:\"\", Avatar:\"\", Status:0, Bio:\"\", Sex:0, ClientType:0, Age:0, LastLoginTime:\"\", Uid:\"\"}} 成功"}
{"level":"INFO","time":"2023-09-14 18:11:57","caller":"MYSQL/MYSQL.go:52","message":"迁移表 &IMGroups.ImGroups{Id:0, UserId:0, Name:\"\", CreatedAt:\"\", Info:\"\", Avatar:\"\", Password:\"\", IsPwd:0, Hot:0} 成功"}
{"level":"INFO","time":"2023-09-14 18:11:57","caller":"MYSQL/MYSQL.go:55","message":"迁移表 &IMOfflineMessage.ImOfflineMessages{Id:0, ReceiveId:0, Message:\"\", SendTime:0, Status:0} 成功"}
{"level":"INFO","time":"2023-09-14 18:11:57","caller":"MYSQL/MYSQL.go:57","message":"迁移表 &IMOfflineMessage.ImGroupOfflineMessages{Id:0, Message:\"\", SendTime:0, Status:0, ReceiveId:0} 成功"}
{"level":"INFO","time":"2023-09-14 18:11:57","caller":"MYSQL/MYSQL.go:59","message":"迁移表 &IMMessages.ImMessages{Id:0, Msg:\"\", CreatedAt:\"\", FromId:0, ToId:0, IsRead:0, MsgType:0, Status:0, Data:\"\", Users:IMMessages.ImUsers{ID:0, Name:\"\", Email:\"\", Avatar:\"\"}} 成功"}
{"level":"INFO","time":"2023-09-14 18:11:57","caller":"MYSQL/MYSQL.go:61","message":"迁移表 &IMGroupMessages.ImGroupMessages{Id:0, Message:\"\", CreatedAt:\"\", Data:\"\", SendTime:0, MsgType:0, MessageId:0, ClientMessageId:0, FromId:0, GroupId:0, Users:IMGroupMessages.ImUsers{ID:0, Name:\"\", Email:\"\", Avatar:\"\"}} 成功"}
{"level":"INFO","time":"2023-09-14 18:11:57","caller":"MYSQL/MYSQL.go:63","message":"迁移表 &IMFriendsRecords.ImFriendRecords{Id:0, FromId:0, ToId:0, Status:0, CreatedAt:\"\", Information:\"\", Users:IMFriendsRecords.ImUsers{Id:0, Name:\"\", Avatar:\"\"}} 成功"}
{"level":"INFO","time":"2023-09-14 18:11:57","caller":"MYSQL/MYSQL.go:65","message":"迁移表 &IMFriends.ImFriends{BaseModel:Models.BaseModel{ID:0x0}, Id:0, FromId:0, ToId:0, CreatedAt:\"\", UpdatedAt:\"\", Note:\"\", TopTime:\"\", Status:0, Uid:\"\", Users:IMFriends.ImUsers{ID:0, Name:\"\", Email:\"\", Avatar:\"\", Status:0, Bio:\"\", Sex:0, ClientType:0, Age:0, LastLoginTime:\"\", Uid:\"\"}} 成功"}
{"level":"INFO","time":"2023-09-14 18:11:57","caller":"HighPerformanceIMServer/main.go:43","message":"Registered service '127.0.0.1:9000' with Consul"}
{"level":"ERROR","time":"2023-09-14 21:47:51","caller":"HighPerformanceIMServer/main.go:23","message":"Mysql 连接异常: %!(EXTRA *net.OpError=dial tcp 127.0.0.1:3306: connect: connection refused)","stacktrace":"main.InitConfigs\n\t/root/PROJECT/Server/HighPerformanceIMServer/main.go:23\nmain.StartService\n\t/root/PROJECT/Server/HighPerformanceIMServer/main.go:31\nmain.main\n\t/root/PROJECT/Server/HighPerformanceIMServer/main.go:62\nruntime.main\n\t/usr/local/go/src/runtime/proc.go:250"}
{"level":"INFO","time":"2023-09-14 21:48:17","caller":"HighPerformanceIMServer/main.go:23","message":"mysql 连接成功"}
{"level":"INFO","time":"2023-09-14 21:48:17","caller":"MYSQL/MYSQL.go:46","message":"迁移表 &IMUser.ImUsers{ID:0, Name:\"\", Email:\"\", Password:\"\", CreatedAt:\"\", UpdatedAt:\"\", Avatar:\"\", BoundOauth:0, OauthType:0, Status:0, Bio:\"\", Sex:0, ClientType:0, Age:0, LastLoginTime:\"\", Uid:\"\", UserJson:\"\", UserType:0} 成功"}
{"level":"INFO","time":"2023-09-14 21:48:17","caller":"MYSQL/MYSQL.go:48","message":"迁移表 &IMSessions.ImSessions{Id:0, FromId:0, ToId:0, GroupId:0, CreatedAt:\"\", TopStatus:0, TopTime:\"\", Note:\"\", ChannelType:0, Name:\"\", Avatar:\"\", Status:0, Users:IMSessions.ImUsers{ID:0, Name:\"\", Email:\"\", Avatar:\"\", Status:0, Bio:\"\", Sex:0, ClientType:0, Age:0, LastLoginTime:\"\"}, Groups:IMSessions.ImGroups{ID:0, UserId:0, Name:\"\", CreatedAt:\"\", Info:\"\", Avatar:\"\", IsPwd:0, Hot:0}} 成功"}
{"level":"INFO","time":"2023-09-14 21:48:17","caller":"MYSQL/MYSQL.go:50","message":"迁移表 &IMGroupUsers.ImGroupUsers{Id:0, UserId:0, CreatedAt:\"\", GroupId:0, Remark:\"\", Avatar:\"\", Name:\"\", Users:IMGroupUsers.ImUsers{ID:0, Name:\"\", Email:\"\", Avatar:\"\", Status:0, Bio:\"\", Sex:0, ClientType:0, Age:0, LastLoginTime:\"\", Uid:\"\"}} 成功"}
{"level":"INFO","time":"2023-09-14 21:48:17","caller":"MYSQL/MYSQL.go:52","message":"迁移表 &IMGroups.ImGroups{Id:0, UserId:0, Name:\"\", CreatedAt:\"\", Info:\"\", Avatar:\"\", Password:\"\", IsPwd:0, Hot:0} 成功"}
{"level":"INFO","time":"2023-09-14 21:48:17","caller":"MYSQL/MYSQL.go:55","message":"迁移表 &IMOfflineMessage.ImOfflineMessages{Id:0, ReceiveId:0, Message:\"\", SendTime:0, Status:0} 成功"}
{"level":"INFO","time":"2023-09-14 21:48:17","caller":"MYSQL/MYSQL.go:57","message":"迁移表 &IMOfflineMessage.ImGroupOfflineMessages{Id:0, Message:\"\", SendTime:0, Status:0, ReceiveId:0} 成功"}
{"level":"INFO","time":"2023-09-14 21:48:17","caller":"MYSQL/MYSQL.go:59","message":"迁移表 &IMMessages.ImMessages{Id:0, Msg:\"\", CreatedAt:\"\", FromId:0, ToId:0, IsRead:0, MsgType:0, Status:0, Data:\"\", Users:IMMessages.ImUsers{ID:0, Name:\"\", Email:\"\", Avatar:\"\"}} 成功"}
{"level":"INFO","time":"2023-09-14 21:48:17","caller":"MYSQL/MYSQL.go:61","message":"迁移表 &IMGroupMessages.ImGroupMessages{Id:0, Message:\"\", CreatedAt:\"\", Data:\"\", SendTime:0, MsgType:0, MessageId:0, ClientMessageId:0, FromId:0, GroupId:0, Users:IMGroupMessages.ImUsers{ID:0, Name:\"\", Email:\"\", Avatar:\"\"}} 成功"}
{"level":"INFO","time":"2023-09-14 21:48:17","caller":"MYSQL/MYSQL.go:63","message":"迁移表 &IMFriendsRecords.ImFriendRecords{Id:0, FromId:0, ToId:0, Status:0, CreatedAt:\"\", Information:\"\", Users:IMFriendsRecords.ImUsers{Id:0, Name:\"\", Avatar:\"\"}} 成功"}
{"level":"INFO","time":"2023-09-14 21:48:17","caller":"MYSQL/MYSQL.go:65","message":"迁移表 &IMFriends.ImFriends{BaseModel:Models.BaseModel{ID:0x0}, Id:0, FromId:0, ToId:0, CreatedAt:\"\", UpdatedAt:\"\", Note:\"\", TopTime:\"\", Status:0, Uid:\"\", Users:IMFriends.ImUsers{ID:0, Name:\"\", Email:\"\", Avatar:\"\", Status:0, Bio:\"\", Sex:0, ClientType:0, Age:0, LastLoginTime:\"\", Uid:\"\"}} 成功"}
{"level":"ERROR","time":"2023-09-14 21:48:17","caller":"HighPerformanceIMServer/main.go:43","message":"Put \"http://127.0.0.1:8500%2Fhealth/v1/agent/service/register\": dial tcp: lookup 127.0.0.1:8500/health: no such host","stacktrace":"main.StartService\n\t/root/PROJECT/Server/HighPerformanceIMServer/main.go:43\nmain.main\n\t/root/PROJECT/Server/HighPerformanceIMServer/main.go:62\nruntime.main\n\t/usr/local/go/src/runtime/proc.go:250"}
{"level":"ERROR","time":"2023-09-14 21:48:17","caller":"HighPerformanceIMServer/main.go:62","message":"Put \"http://127.0.0.1:8500%2Fhealth/v1/agent/service/register\": dial tcp: lookup 127.0.0.1:8500/health: no such host","stacktrace":"main.main\n\t/root/PROJECT/Server/HighPerformanceIMServer/main.go:62\nruntime.main\n\t/usr/local/go/src/runtime/proc.go:250"}
{"level":"INFO","time":"2023-09-14 21:49:51","caller":"HighPerformanceIMServer/main.go:23","message":"mysql 连接成功"}
{"level":"INFO","time":"2023-09-14 21:49:51","caller":"MYSQL/MYSQL.go:46","message":"迁移表 &IMUser.ImUsers{ID:0, Name:\"\", Email:\"\", Password:\"\", CreatedAt:\"\", UpdatedAt:\"\", Avatar:\"\", BoundOauth:0, OauthType:0, Status:0, Bio:\"\", Sex:0, ClientType:0, Age:0, LastLoginTime:\"\", Uid:\"\", UserJson:\"\", UserType:0} 成功"}
{"level":"INFO","time":"2023-09-14 21:49:51","caller":"MYSQL/MYSQL.go:48","message":"迁移表 &IMSessions.ImSessions{Id:0, FromId:0, ToId:0, GroupId:0, CreatedAt:\"\", TopStatus:0, TopTime:\"\", Note:\"\", ChannelType:0, Name:\"\", Avatar:\"\", Status:0, Users:IMSessions.ImUsers{ID:0, Name:\"\", Email:\"\", Avatar:\"\", Status:0, Bio:\"\", Sex:0, ClientType:0, Age:0, LastLoginTime:\"\"}, Groups:IMSessions.ImGroups{ID:0, UserId:0, Name:\"\", CreatedAt:\"\", Info:\"\", Avatar:\"\", IsPwd:0, Hot:0}} 成功"}
{"level":"INFO","time":"2023-09-14 21:49:51","caller":"MYSQL/MYSQL.go:50","message":"迁移表 &IMGroupUsers.ImGroupUsers{Id:0, UserId:0, CreatedAt:\"\", GroupId:0, Remark:\"\", Avatar:\"\", Name:\"\", Users:IMGroupUsers.ImUsers{ID:0, Name:\"\", Email:\"\", Avatar:\"\", Status:0, Bio:\"\", Sex:0, ClientType:0, Age:0, LastLoginTime:\"\", Uid:\"\"}} 成功"}
{"level":"INFO","time":"2023-09-14 21:49:51","caller":"MYSQL/MYSQL.go:52","message":"迁移表 &IMGroups.ImGroups{Id:0, UserId:0, Name:\"\", CreatedAt:\"\", Info:\"\", Avatar:\"\", Password:\"\", IsPwd:0, Hot:0} 成功"}
{"level":"INFO","time":"2023-09-14 21:49:51","caller":"MYSQL/MYSQL.go:55","message":"迁移表 &IMOfflineMessage.ImOfflineMessages{Id:0, ReceiveId:0, Message:\"\", SendTime:0, Status:0} 成功"}
{"level":"INFO","time":"2023-09-14 21:49:51","caller":"MYSQL/MYSQL.go:57","message":"迁移表 &IMOfflineMessage.ImGroupOfflineMessages{Id:0, Message:\"\", SendTime:0, Status:0, ReceiveId:0} 成功"}
{"level":"INFO","time":"2023-09-14 21:49:51","caller":"MYSQL/MYSQL.go:59","message":"迁移表 &IMMessages.ImMessages{Id:0, Msg:\"\", CreatedAt:\"\", FromId:0, ToId:0, IsRead:0, MsgType:0, Status:0, Data:\"\", Users:IMMessages.ImUsers{ID:0, Name:\"\", Email:\"\", Avatar:\"\"}} 成功"}
{"level":"INFO","time":"2023-09-14 21:49:51","caller":"MYSQL/MYSQL.go:61","message":"迁移表 &IMGroupMessages.ImGroupMessages{Id:0, Message:\"\", CreatedAt:\"\", Data:\"\", SendTime:0, MsgType:0, MessageId:0, ClientMessageId:0, FromId:0, GroupId:0, Users:IMGroupMessages.ImUsers{ID:0, Name:\"\", Email:\"\", Avatar:\"\"}} 成功"}
{"level":"INFO","time":"2023-09-14 21:49:51","caller":"MYSQL/MYSQL.go:63","message":"迁移表 &IMFriendsRecords.ImFriendRecords{Id:0, FromId:0, ToId:0, Status:0, CreatedAt:\"\", Information:\"\", Users:IMFriendsRecords.ImUsers{Id:0, Name:\"\", Avatar:\"\"}} 成功"}
{"level":"INFO","time":"2023-09-14 21:49:51","caller":"MYSQL/MYSQL.go:65","message":"迁移表 &IMFriends.ImFriends{BaseModel:Models.BaseModel{ID:0x0}, Id:0, FromId:0, ToId:0, CreatedAt:\"\", UpdatedAt:\"\", Note:\"\", TopTime:\"\", Status:0, Uid:\"\", Users:IMFriends.ImUsers{ID:0, Name:\"\", Email:\"\", Avatar:\"\", Status:0, Bio:\"\", Sex:0, ClientType:0, Age:0, LastLoginTime:\"\", Uid:\"\"}} 成功"}
{"level":"INFO","time":"2023-09-14 21:49:51","caller":"HighPerformanceIMServer/main.go:43","message":"Registered service '127.0.0.1:9000' with Consul"}
{"level":"INFO","time":"2023-09-14 21:55:12","caller":"HighPerformanceIMServer/main.go:23","message":"mysql 连接成功"}
{"level":"INFO","time":"2023-09-14 21:55:12","caller":"MYSQL/MYSQL.go:46","message":"迁移表 &IMUser.ImUsers{ID:0, Name:\"\", Email:\"\", Password:\"\", CreatedAt:\"\", UpdatedAt:\"\", Avatar:\"\", BoundOauth:0, OauthType:0, Status:0, Bio:\"\", Sex:0, ClientType:0, Age:0, LastLoginTime:\"\", Uid:\"\", UserJson:\"\", UserType:0} 成功"}
{"level":"INFO","time":"2023-09-14 21:55:12","caller":"MYSQL/MYSQL.go:48","message":"迁移表 &IMSessions.ImSessions{Id:0, FromId:0, ToId:0, GroupId:0, CreatedAt:\"\", TopStatus:0, TopTime:\"\", Note:\"\", ChannelType:0, Name:\"\", Avatar:\"\", Status:0, Users:IMSessions.ImUsers{ID:0, Name:\"\", Email:\"\", Avatar:\"\", Status:0, Bio:\"\", Sex:0, ClientType:0, Age:0, LastLoginTime:\"\"}, Groups:IMSessions.ImGroups{ID:0, UserId:0, Name:\"\", CreatedAt:\"\", Info:\"\", Avatar:\"\", IsPwd:0, Hot:0}} 成功"}
{"level":"INFO","time":"2023-09-14 21:55:12","caller":"MYSQL/MYSQL.go:50","message":"迁移表 &IMGroupUsers.ImGroupUsers{Id:0, UserId:0, CreatedAt:\"\", GroupId:0, Remark:\"\", Avatar:\"\", Name:\"\", Users:IMGroupUsers.ImUsers{ID:0, Name:\"\", Email:\"\", Avatar:\"\", Status:0, Bio:\"\", Sex:0, ClientType:0, Age:0, LastLoginTime:\"\", Uid:\"\"}} 成功"}
{"level":"INFO","time":"2023-09-14 21:55:12","caller":"MYSQL/MYSQL.go:52","message":"迁移表 &IMGroups.ImGroups{Id:0, UserId:0, Name:\"\", CreatedAt:\"\", Info:\"\", Avatar:\"\", Password:\"\", IsPwd:0, Hot:0} 成功"}
{"level":"INFO","time":"2023-09-14 21:55:12","caller":"MYSQL/MYSQL.go:55","message":"迁移表 &IMOfflineMessage.ImOfflineMessages{Id:0, ReceiveId:0, Message:\"\", SendTime:0, Status:0} 成功"}
{"level":"INFO","time":"2023-09-14 21:55:12","caller":"MYSQL/MYSQL.go:57","message":"迁移表 &IMOfflineMessage.ImGroupOfflineMessages{Id:0, Message:\"\", SendTime:0, Status:0, ReceiveId:0} 成功"}
{"level":"INFO","time":"2023-09-14 21:55:12","caller":"MYSQL/MYSQL.go:59","message":"迁移表 &IMMessages.ImMessages{Id:0, Msg:\"\", CreatedAt:\"\", FromId:0, ToId:0, IsRead:0, MsgType:0, Status:0, Data:\"\", Users:IMMessages.ImUsers{ID:0, Name:\"\", Email:\"\", Avatar:\"\"}} 成功"}
{"level":"INFO","time":"2023-09-14 21:55:12","caller":"MYSQL/MYSQL.go:61","message":"迁移表 &IMGroupMessages.ImGroupMessages{Id:0, Message:\"\", CreatedAt:\"\", Data:\"\", SendTime:0, MsgType:0, MessageId:0, ClientMessageId:0, FromId:0, GroupId:0, Users:IMGroupMessages.ImUsers{ID:0, Name:\"\", Email:\"\", Avatar:\"\"}} 成功"}
{"level":"INFO","time":"2023-09-14 21:55:12","caller":"MYSQL/MYSQL.go:63","message":"迁移表 &IMFriendsRecords.ImFriendRecords{Id:0, FromId:0, ToId:0, Status:0, CreatedAt:\"\", Information:\"\", Users:IMFriendsRecords.ImUsers{Id:0, Name:\"\", Avatar:\"\"}} 成功"}
{"level":"INFO","time":"2023-09-14 21:55:12","caller":"MYSQL/MYSQL.go:65","message":"迁移表 &IMFriends.ImFriends{BaseModel:Models.BaseModel{ID:0x0}, Id:0, FromId:0, ToId:0, CreatedAt:\"\", UpdatedAt:\"\", Note:\"\", TopTime:\"\", Status:0, Uid:\"\", Users:IMFriends.ImUsers{ID:0, Name:\"\", Email:\"\", Avatar:\"\", Status:0, Bio:\"\", Sex:0, ClientType:0, Age:0, LastLoginTime:\"\", Uid:\"\"}} 成功"}
{"level":"INFO","time":"2023-09-14 21:55:12","caller":"HighPerformanceIMServer/main.go:43","message":"Registered service '127.0.0.1:9000' with Consul"}
{"level":"INFO","time":"2023-09-14 21:57:40","caller":"HighPerformanceIMServer/main.go:23","message":"mysql 连接成功"}
{"level":"INFO","time":"2023-09-14 21:57:40","caller":"MYSQL/MYSQL.go:46","message":"迁移表 &IMUser.ImUsers{ID:0, Name:\"\", Email:\"\", Password:\"\", CreatedAt:\"\", UpdatedAt:\"\", Avatar:\"\", BoundOauth:0, OauthType:0, Status:0, Bio:\"\", Sex:0, ClientType:0, Age:0, LastLoginTime:\"\", Uid:\"\", UserJson:\"\", UserType:0} 成功"}
{"level":"INFO","time":"2023-09-14 21:57:40","caller":"MYSQL/MYSQL.go:48","message":"迁移表 &IMSessions.ImSessions{Id:0, FromId:0, ToId:0, GroupId:0, CreatedAt:\"\", TopStatus:0, TopTime:\"\", Note:\"\", ChannelType:0, Name:\"\", Avatar:\"\", Status:0, Users:IMSessions.ImUsers{ID:0, Name:\"\", Email:\"\", Avatar:\"\", Status:0, Bio:\"\", Sex:0, ClientType:0, Age:0, LastLoginTime:\"\"}, Groups:IMSessions.ImGroups{ID:0, UserId:0, Name:\"\", CreatedAt:\"\", Info:\"\", Avatar:\"\", IsPwd:0, Hot:0}} 成功"}
{"level":"INFO","time":"2023-09-14 21:57:40","caller":"MYSQL/MYSQL.go:50","message":"迁移表 &IMGroupUsers.ImGroupUsers{Id:0, UserId:0, CreatedAt:\"\", GroupId:0, Remark:\"\", Avatar:\"\", Name:\"\", Users:IMGroupUsers.ImUsers{ID:0, Name:\"\", Email:\"\", Avatar:\"\", Status:0, Bio:\"\", Sex:0, ClientType:0, Age:0, LastLoginTime:\"\", Uid:\"\"}} 成功"}
{"level":"INFO","time":"2023-09-14 21:57:40","caller":"MYSQL/MYSQL.go:52","message":"迁移表 &IMGroups.ImGroups{Id:0, UserId:0, Name:\"\", CreatedAt:\"\", Info:\"\", Avatar:\"\", Password:\"\", IsPwd:0, Hot:0} 成功"}
{"level":"INFO","time":"2023-09-14 21:57:40","caller":"MYSQL/MYSQL.go:55","message":"迁移表 &IMOfflineMessage.ImOfflineMessages{Id:0, ReceiveId:0, Message:\"\", SendTime:0, Status:0} 成功"}
{"level":"INFO","time":"2023-09-14 21:57:40","caller":"MYSQL/MYSQL.go:57","message":"迁移表 &IMOfflineMessage.ImGroupOfflineMessages{Id:0, Message:\"\", SendTime:0, Status:0, ReceiveId:0} 成功"}
{"level":"INFO","time":"2023-09-14 21:57:40","caller":"MYSQL/MYSQL.go:59","message":"迁移表 &IMMessages.ImMessages{Id:0, Msg:\"\", CreatedAt:\"\", FromId:0, ToId:0, IsRead:0, MsgType:0, Status:0, Data:\"\", Users:IMMessages.ImUsers{ID:0, Name:\"\", Email:\"\", Avatar:\"\"}} 成功"}
{"level":"INFO","time":"2023-09-14 21:57:40","caller":"MYSQL/MYSQL.go:61","message":"迁移表 &IMGroupMessages.ImGroupMessages{Id:0, Message:\"\", CreatedAt:\"\", Data:\"\", SendTime:0, MsgType:0, MessageId:0, ClientMessageId:0, FromId:0, GroupId:0, Users:IMGroupMessages.ImUsers{ID:0, Name:\"\", Email:\"\", Avatar:\"\"}} 成功"}
{"level":"INFO","time":"2023-09-14 21:57:40","caller":"MYSQL/MYSQL.go:63","message":"迁移表 &IMFriendsRecords.ImFriendRecords{Id:0, FromId:0, ToId:0, Status:0, CreatedAt:\"\", Information:\"\", Users:IMFriendsRecords.ImUsers{Id:0, Name:\"\", Avatar:\"\"}} 成功"}
{"level":"INFO","time":"2023-09-14 21:57:40","caller":"MYSQL/MYSQL.go:65","message":"迁移表 &IMFriends.ImFriends{BaseModel:Models.BaseModel{ID:0x0}, Id:0, FromId:0, ToId:0, CreatedAt:\"\", UpdatedAt:\"\", Note:\"\", TopTime:\"\", Status:0, Uid:\"\", Users:IMFriends.ImUsers{ID:0, Name:\"\", Email:\"\", Avatar:\"\", Status:0, Bio:\"\", Sex:0, ClientType:0, Age:0, LastLoginTime:\"\", Uid:\"\"}} 成功"}
{"level":"INFO","time":"2023-09-14 21:57:40","caller":"HighPerformanceIMServer/main.go:43","message":"Registered service 'Im-Services' with Consul"}
{"level":"INFO","time":"2023-09-14 21:58:49","caller":"HighPerformanceIMServer/main.go:24","message":"mysql 连接成功"}
{"level":"INFO","time":"2023-09-14 21:58:49","caller":"MYSQL/MYSQL.go:46","message":"迁移表 &IMUser.ImUsers{ID:0, Name:\"\", Email:\"\", Password:\"\", CreatedAt:\"\", UpdatedAt:\"\", Avatar:\"\", BoundOauth:0, OauthType:0, Status:0, Bio:\"\", Sex:0, ClientType:0, Age:0, LastLoginTime:\"\", Uid:\"\", UserJson:\"\", UserType:0} 成功"}
{"level":"INFO","time":"2023-09-14 21:58:49","caller":"MYSQL/MYSQL.go:48","message":"迁移表 &IMSessions.ImSessions{Id:0, FromId:0, ToId:0, GroupId:0, CreatedAt:\"\", TopStatus:0, TopTime:\"\", Note:\"\", ChannelType:0, Name:\"\", Avatar:\"\", Status:0, Users:IMSessions.ImUsers{ID:0, Name:\"\", Email:\"\", Avatar:\"\", Status:0, Bio:\"\", Sex:0, ClientType:0, Age:0, LastLoginTime:\"\"}, Groups:IMSessions.ImGroups{ID:0, UserId:0, Name:\"\", CreatedAt:\"\", Info:\"\", Avatar:\"\", IsPwd:0, Hot:0}} 成功"}
{"level":"INFO","time":"2023-09-14 21:58:49","caller":"MYSQL/MYSQL.go:50","message":"迁移表 &IMGroupUsers.ImGroupUsers{Id:0, UserId:0, CreatedAt:\"\", GroupId:0, Remark:\"\", Avatar:\"\", Name:\"\", Users:IMGroupUsers.ImUsers{ID:0, Name:\"\", Email:\"\", Avatar:\"\", Status:0, Bio:\"\", Sex:0, ClientType:0, Age:0, LastLoginTime:\"\", Uid:\"\"}} 成功"}
{"level":"INFO","time":"2023-09-14 21:58:49","caller":"MYSQL/MYSQL.go:52","message":"迁移表 &IMGroups.ImGroups{Id:0, UserId:0, Name:\"\", CreatedAt:\"\", Info:\"\", Avatar:\"\", Password:\"\", IsPwd:0, Hot:0} 成功"}
{"level":"INFO","time":"2023-09-14 21:58:49","caller":"MYSQL/MYSQL.go:55","message":"迁移表 &IMOfflineMessage.ImOfflineMessages{Id:0, ReceiveId:0, Message:\"\", SendTime:0, Status:0} 成功"}
{"level":"INFO","time":"2023-09-14 21:58:49","caller":"MYSQL/MYSQL.go:57","message":"迁移表 &IMOfflineMessage.ImGroupOfflineMessages{Id:0, Message:\"\", SendTime:0, Status:0, ReceiveId:0} 成功"}
{"level":"INFO","time":"2023-09-14 21:58:49","caller":"MYSQL/MYSQL.go:59","message":"迁移表 &IMMessages.ImMessages{Id:0, Msg:\"\", CreatedAt:\"\", FromId:0, ToId:0, IsRead:0, MsgType:0, Status:0, Data:\"\", Users:IMMessages.ImUsers{ID:0, Name:\"\", Email:\"\", Avatar:\"\"}} 成功"}
{"level":"INFO","time":"2023-09-14 21:58:49","caller":"MYSQL/MYSQL.go:61","message":"迁移表 &IMGroupMessages.ImGroupMessages{Id:0, Message:\"\", CreatedAt:\"\", Data:\"\", SendTime:0, MsgType:0, MessageId:0, ClientMessageId:0, FromId:0, GroupId:0, Users:IMGroupMessages.ImUsers{ID:0, Name:\"\", Email:\"\", Avatar:\"\"}} 成功"}
{"level":"INFO","time":"2023-09-14 21:58:49","caller":"MYSQL/MYSQL.go:63","message":"迁移表 &IMFriendsRecords.ImFriendRecords{Id:0, FromId:0, ToId:0, Status:0, CreatedAt:\"\", Information:\"\", Users:IMFriendsRecords.ImUsers{Id:0, Name:\"\", Avatar:\"\"}} 成功"}
{"level":"INFO","time":"2023-09-14 21:58:49","caller":"MYSQL/MYSQL.go:65","message":"迁移表 &IMFriends.ImFriends{BaseModel:Models.BaseModel{ID:0x0}, Id:0, FromId:0, ToId:0, CreatedAt:\"\", UpdatedAt:\"\", Note:\"\", TopTime:\"\", Status:0, Uid:\"\", Users:IMFriends.ImUsers{ID:0, Name:\"\", Email:\"\", Avatar:\"\", Status:0, Bio:\"\", Sex:0, ClientType:0, Age:0, LastLoginTime:\"\", Uid:\"\"}} 成功"}
{"level":"INFO","time":"2023-09-14 21:58:49","caller":"HighPerformanceIMServer/main.go:44","message":"Registered service 'Im-Services' with Consul"}
{"level":"INFO","time":"2023-09-14 21:59:56","caller":"viper@v1.16.0/viper.go:482","message":"Config file changed: ./configs.yaml"}
{"level":"INFO","time":"2023-09-14 21:59:56","caller":"viper@v1.16.0/viper.go:482","message":"Config file changed: ./configs.yaml"}
{"level":"INFO","time":"2023-09-14 22:00:01","caller":"HighPerformanceIMServer/main.go:24","message":"mysql 连接成功"}
{"level":"INFO","time":"2023-09-14 22:00:01","caller":"MYSQL/MYSQL.go:46","message":"迁移表 &IMUser.ImUsers{ID:0, Name:\"\", Email:\"\", Password:\"\", CreatedAt:\"\", UpdatedAt:\"\", Avatar:\"\", BoundOauth:0, OauthType:0, Status:0, Bio:\"\", Sex:0, ClientType:0, Age:0, LastLoginTime:\"\", Uid:\"\", UserJson:\"\", UserType:0} 成功"}
{"level":"INFO","time":"2023-09-14 22:00:01","caller":"MYSQL/MYSQL.go:48","message":"迁移表 &IMSessions.ImSessions{Id:0, FromId:0, ToId:0, GroupId:0, CreatedAt:\"\", TopStatus:0, TopTime:\"\", Note:\"\", ChannelType:0, Name:\"\", Avatar:\"\", Status:0, Users:IMSessions.ImUsers{ID:0, Name:\"\", Email:\"\", Avatar:\"\", Status:0, Bio:\"\", Sex:0, ClientType:0, Age:0, LastLoginTime:\"\"}, Groups:IMSessions.ImGroups{ID:0, UserId:0, Name:\"\", CreatedAt:\"\", Info:\"\", Avatar:\"\", IsPwd:0, Hot:0}} 成功"}
{"level":"INFO","time":"2023-09-14 22:00:01","caller":"MYSQL/MYSQL.go:50","message":"迁移表 &IMGroupUsers.ImGroupUsers{Id:0, UserId:0, CreatedAt:\"\", GroupId:0, Remark:\"\", Avatar:\"\", Name:\"\", Users:IMGroupUsers.ImUsers{ID:0, Name:\"\", Email:\"\", Avatar:\"\", Status:0, Bio:\"\", Sex:0, ClientType:0, Age:0, LastLoginTime:\"\", Uid:\"\"}} 成功"}
{"level":"INFO","time":"2023-09-14 22:00:01","caller":"MYSQL/MYSQL.go:52","message":"迁移表 &IMGroups.ImGroups{Id:0, UserId:0, Name:\"\", CreatedAt:\"\", Info:\"\", Avatar:\"\", Password:\"\", IsPwd:0, Hot:0} 成功"}
{"level":"INFO","time":"2023-09-14 22:00:01","caller":"MYSQL/MYSQL.go:55","message":"迁移表 &IMOfflineMessage.ImOfflineMessages{Id:0, ReceiveId:0, Message:\"\", SendTime:0, Status:0} 成功"}
{"level":"INFO","time":"2023-09-14 22:00:01","caller":"MYSQL/MYSQL.go:57","message":"迁移表 &IMOfflineMessage.ImGroupOfflineMessages{Id:0, Message:\"\", SendTime:0, Status:0, ReceiveId:0} 成功"}
{"level":"INFO","time":"2023-09-14 22:00:01","caller":"MYSQL/MYSQL.go:59","message":"迁移表 &IMMessages.ImMessages{Id:0, Msg:\"\", CreatedAt:\"\", FromId:0, ToId:0, IsRead:0, MsgType:0, Status:0, Data:\"\", Users:IMMessages.ImUsers{ID:0, Name:\"\", Email:\"\", Avatar:\"\"}} 成功"}
{"level":"INFO","time":"2023-09-14 22:00:01","caller":"MYSQL/MYSQL.go:61","message":"迁移表 &IMGroupMessages.ImGroupMessages{Id:0, Message:\"\", CreatedAt:\"\", Data:\"\", SendTime:0, MsgType:0, MessageId:0, ClientMessageId:0, FromId:0, GroupId:0, Users:IMGroupMessages.ImUsers{ID:0, Name:\"\", Email:\"\", Avatar:\"\"}} 成功"}
{"level":"INFO","time":"2023-09-14 22:00:01","caller":"MYSQL/MYSQL.go:63","message":"迁移表 &IMFriendsRecords.ImFriendRecords{Id:0, FromId:0, ToId:0, Status:0, CreatedAt:\"\", Information:\"\", Users:IMFriendsRecords.ImUsers{Id:0, Name:\"\", Avatar:\"\"}} 成功"}
{"level":"INFO","time":"2023-09-14 22:00:01","caller":"MYSQL/MYSQL.go:65","message":"迁移表 &IMFriends.ImFriends{BaseModel:Models.BaseModel{ID:0x0}, Id:0, FromId:0, ToId:0, CreatedAt:\"\", UpdatedAt:\"\", Note:\"\", TopTime:\"\", Status:0, Uid:\"\", Users:IMFriends.ImUsers{ID:0, Name:\"\", Email:\"\", Avatar:\"\", Status:0, Bio:\"\", Sex:0, ClientType:0, Age:0, LastLoginTime:\"\", Uid:\"\"}} 成功"}
{"level":"INFO","time":"2023-09-14 22:00:01","caller":"HighPerformanceIMServer/main.go:44","message":"Registered service 'Im-Services' with Consul"}
{"level":"INFO","time":"2023-09-14 22:02:19","caller":"HighPerformanceIMServer/main.go:24","message":"mysql 连接成功"}
{"level":"INFO","time":"2023-09-14 22:02:19","caller":"MYSQL/MYSQL.go:46","message":"迁移表 &IMUser.ImUsers{ID:0, Name:\"\", Email:\"\", Password:\"\", CreatedAt:\"\", UpdatedAt:\"\", Avatar:\"\", BoundOauth:0, OauthType:0, Status:0, Bio:\"\", Sex:0, ClientType:0, Age:0, LastLoginTime:\"\", Uid:\"\", UserJson:\"\", UserType:0} 成功"}
{"level":"INFO","time":"2023-09-14 22:02:19","caller":"MYSQL/MYSQL.go:48","message":"迁移表 &IMSessions.ImSessions{Id:0, FromId:0, ToId:0, GroupId:0, CreatedAt:\"\", TopStatus:0, TopTime:\"\", Note:\"\", ChannelType:0, Name:\"\", Avatar:\"\", Status:0, Users:IMSessions.ImUsers{ID:0, Name:\"\", Email:\"\", Avatar:\"\", Status:0, Bio:\"\", Sex:0, ClientType:0, Age:0, LastLoginTime:\"\"}, Groups:IMSessions.ImGroups{ID:0, UserId:0, Name:\"\", CreatedAt:\"\", Info:\"\", Avatar:\"\", IsPwd:0, Hot:0}} 成功"}
{"level":"INFO","time":"2023-09-14 22:02:19","caller":"MYSQL/MYSQL.go:50","message":"迁移表 &IMGroupUsers.ImGroupUsers{Id:0, UserId:0, CreatedAt:\"\", GroupId:0, Remark:\"\", Avatar:\"\", Name:\"\", Users:IMGroupUsers.ImUsers{ID:0, Name:\"\", Email:\"\", Avatar:\"\", Status:0, Bio:\"\", Sex:0, ClientType:0, Age:0, LastLoginTime:\"\", Uid:\"\"}} 成功"}
{"level":"INFO","time":"2023-09-14 22:02:19","caller":"MYSQL/MYSQL.go:52","message":"迁移表 &IMGroups.ImGroups{Id:0, UserId:0, Name:\"\", CreatedAt:\"\", Info:\"\", Avatar:\"\", Password:\"\", IsPwd:0, Hot:0} 成功"}
{"level":"INFO","time":"2023-09-14 22:02:19","caller":"MYSQL/MYSQL.go:55","message":"迁移表 &IMOfflineMessage.ImOfflineMessages{Id:0, ReceiveId:0, Message:\"\", SendTime:0, Status:0} 成功"}
{"level":"INFO","time":"2023-09-14 22:02:19","caller":"MYSQL/MYSQL.go:57","message":"迁移表 &IMOfflineMessage.ImGroupOfflineMessages{Id:0, Message:\"\", SendTime:0, Status:0, ReceiveId:0} 成功"}
{"level":"INFO","time":"2023-09-14 22:02:19","caller":"MYSQL/MYSQL.go:59","message":"迁移表 &IMMessages.ImMessages{Id:0, Msg:\"\", CreatedAt:\"\", FromId:0, ToId:0, IsRead:0, MsgType:0, Status:0, Data:\"\", Users:IMMessages.ImUsers{ID:0, Name:\"\", Email:\"\", Avatar:\"\"}} 成功"}
{"level":"INFO","time":"2023-09-14 22:02:19","caller":"MYSQL/MYSQL.go:61","message":"迁移表 &IMGroupMessages.ImGroupMessages{Id:0, Message:\"\", CreatedAt:\"\", Data:\"\", SendTime:0, MsgType:0, MessageId:0, ClientMessageId:0, FromId:0, GroupId:0, Users:IMGroupMessages.ImUsers{ID:0, Name:\"\", Email:\"\", Avatar:\"\"}} 成功"}
{"level":"INFO","time":"2023-09-14 22:02:19","caller":"MYSQL/MYSQL.go:63","message":"迁移表 &IMFriendsRecords.ImFriendRecords{Id:0, FromId:0, ToId:0, Status:0, CreatedAt:\"\", Information:\"\", Users:IMFriendsRecords.ImUsers{Id:0, Name:\"\", Avatar:\"\"}} 成功"}
{"level":"INFO","time":"2023-09-14 22:02:19","caller":"MYSQL/MYSQL.go:65","message":"迁移表 &IMFriends.ImFriends{BaseModel:Models.BaseModel{ID:0x0}, Id:0, FromId:0, ToId:0, CreatedAt:\"\", UpdatedAt:\"\", Note:\"\", TopTime:\"\", Status:0, Uid:\"\", Users:IMFriends.ImUsers{ID:0, Name:\"\", Email:\"\", Avatar:\"\", Status:0, Bio:\"\", Sex:0, ClientType:0, Age:0, LastLoginTime:\"\", Uid:\"\"}} 成功"}
{"level":"INFO","time":"2023-09-14 22:02:19","caller":"HighPerformanceIMServer/main.go:44","message":"Registered service 'Im-Services' with Consul"}
{"level":"INFO","time":"2023-09-14 22:02:31","caller":"HighPerformanceIMServer/main.go:24","message":"mysql 连接成功"}
{"level":"INFO","time":"2023-09-14 22:02:31","caller":"MYSQL/MYSQL.go:46","message":"迁移表 &IMUser.ImUsers{ID:0, Name:\"\", Email:\"\", Password:\"\", CreatedAt:\"\", UpdatedAt:\"\", Avatar:\"\", BoundOauth:0, OauthType:0, Status:0, Bio:\"\", Sex:0, ClientType:0, Age:0, LastLoginTime:\"\", Uid:\"\", UserJson:\"\", UserType:0} 成功"}
{"level":"INFO","time":"2023-09-14 22:02:31","caller":"MYSQL/MYSQL.go:48","message":"迁移表 &IMSessions.ImSessions{Id:0, FromId:0, ToId:0, GroupId:0, CreatedAt:\"\", TopStatus:0, TopTime:\"\", Note:\"\", ChannelType:0, Name:\"\", Avatar:\"\", Status:0, Users:IMSessions.ImUsers{ID:0, Name:\"\", Email:\"\", Avatar:\"\", Status:0, Bio:\"\", Sex:0, ClientType:0, Age:0, LastLoginTime:\"\"}, Groups:IMSessions.ImGroups{ID:0, UserId:0, Name:\"\", CreatedAt:\"\", Info:\"\", Avatar:\"\", IsPwd:0, Hot:0}} 成功"}
{"level":"INFO","time":"2023-09-14 22:02:31","caller":"MYSQL/MYSQL.go:50","message":"迁移表 &IMGroupUsers.ImGroupUsers{Id:0, UserId:0, CreatedAt:\"\", GroupId:0, Remark:\"\", Avatar:\"\", Name:\"\", Users:IMGroupUsers.ImUsers{ID:0, Name:\"\", Email:\"\", Avatar:\"\", Status:0, Bio:\"\", Sex:0, ClientType:0, Age:0, LastLoginTime:\"\", Uid:\"\"}} 成功"}
{"level":"INFO","time":"2023-09-14 22:02:31","caller":"MYSQL/MYSQL.go:52","message":"迁移表 &IMGroups.ImGroups{Id:0, UserId:0, Name:\"\", CreatedAt:\"\", Info:\"\", Avatar:\"\", Password:\"\", IsPwd:0, Hot:0} 成功"}
{"level":"INFO","time":"2023-09-14 22:02:31","caller":"MYSQL/MYSQL.go:55","message":"迁移表 &IMOfflineMessage.ImOfflineMessages{Id:0, ReceiveId:0, Message:\"\", SendTime:0, Status:0} 成功"}
{"level":"INFO","time":"2023-09-14 22:02:31","caller":"MYSQL/MYSQL.go:57","message":"迁移表 &IMOfflineMessage.ImGroupOfflineMessages{Id:0, Message:\"\", SendTime:0, Status:0, ReceiveId:0} 成功"}
{"level":"INFO","time":"2023-09-14 22:02:31","caller":"MYSQL/MYSQL.go:59","message":"迁移表 &IMMessages.ImMessages{Id:0, Msg:\"\", CreatedAt:\"\", FromId:0, ToId:0, IsRead:0, MsgType:0, Status:0, Data:\"\", Users:IMMessages.ImUsers{ID:0, Name:\"\", Email:\"\", Avatar:\"\"}} 成功"}
{"level":"INFO","time":"2023-09-14 22:02:31","caller":"MYSQL/MYSQL.go:61","message":"迁移表 &IMGroupMessages.ImGroupMessages{Id:0, Message:\"\", CreatedAt:\"\", Data:\"\", SendTime:0, MsgType:0, MessageId:0, ClientMessageId:0, FromId:0, GroupId:0, Users:IMGroupMessages.ImUsers{ID:0, Name:\"\", Email:\"\", Avatar:\"\"}} 成功"}
{"level":"INFO","time":"2023-09-14 22:02:31","caller":"MYSQL/MYSQL.go:63","message":"迁移表 &IMFriendsRecords.ImFriendRecords{Id:0, FromId:0, ToId:0, Status:0, CreatedAt:\"\", Information:\"\", Users:IMFriendsRecords.ImUsers{Id:0, Name:\"\", Avatar:\"\"}} 成功"}
{"level":"INFO","time":"2023-09-14 22:02:31","caller":"MYSQL/MYSQL.go:65","message":"迁移表 &IMFriends.ImFriends{BaseModel:Models.BaseModel{ID:0x0}, Id:0, FromId:0, ToId:0, CreatedAt:\"\", UpdatedAt:\"\", Note:\"\", TopTime:\"\", Status:0, Uid:\"\", Users:IMFriends.ImUsers{ID:0, Name:\"\", Email:\"\", Avatar:\"\", Status:0, Bio:\"\", Sex:0, ClientType:0, Age:0, LastLoginTime:\"\", Uid:\"\"}} 成功"}
{"level":"INFO","time":"2023-09-14 22:02:31","caller":"HighPerformanceIMServer/main.go:44","message":"Registered service 'Im-Services' with Consul"}
{"level":"INFO","time":"2023-09-14 22:03:41","caller":"HighPerformanceIMServer/main.go:24","message":"mysql 连接成功"}
{"level":"INFO","time":"2023-09-14 22:03:41","caller":"MYSQL/MYSQL.go:46","message":"迁移表 &IMUser.ImUsers{ID:0, Name:\"\", Email:\"\", Password:\"\", CreatedAt:\"\", UpdatedAt:\"\", Avatar:\"\", BoundOauth:0, OauthType:0, Status:0, Bio:\"\", Sex:0, ClientType:0, Age:0, LastLoginTime:\"\", Uid:\"\", UserJson:\"\", UserType:0} 成功"}
{"level":"INFO","time":"2023-09-14 22:03:41","caller":"MYSQL/MYSQL.go:48","message":"迁移表 &IMSessions.ImSessions{Id:0, FromId:0, ToId:0, GroupId:0, CreatedAt:\"\", TopStatus:0, TopTime:\"\", Note:\"\", ChannelType:0, Name:\"\", Avatar:\"\", Status:0, Users:IMSessions.ImUsers{ID:0, Name:\"\", Email:\"\", Avatar:\"\", Status:0, Bio:\"\", Sex:0, ClientType:0, Age:0, LastLoginTime:\"\"}, Groups:IMSessions.ImGroups{ID:0, UserId:0, Name:\"\", CreatedAt:\"\", Info:\"\", Avatar:\"\", IsPwd:0, Hot:0}} 成功"}
{"level":"INFO","time":"2023-09-14 22:03:41","caller":"MYSQL/MYSQL.go:50","message":"迁移表 &IMGroupUsers.ImGroupUsers{Id:0, UserId:0, CreatedAt:\"\", GroupId:0, Remark:\"\", Avatar:\"\", Name:\"\", Users:IMGroupUsers.ImUsers{ID:0, Name:\"\", Email:\"\", Avatar:\"\", Status:0, Bio:\"\", Sex:0, ClientType:0, Age:0, LastLoginTime:\"\", Uid:\"\"}} 成功"}
{"level":"INFO","time":"2023-09-14 22:03:41","caller":"MYSQL/MYSQL.go:52","message":"迁移表 &IMGroups.ImGroups{Id:0, UserId:0, Name:\"\", CreatedAt:\"\", Info:\"\", Avatar:\"\", Password:\"\", IsPwd:0, Hot:0} 成功"}
{"level":"INFO","time":"2023-09-14 22:03:41","caller":"MYSQL/MYSQL.go:55","message":"迁移表 &IMOfflineMessage.ImOfflineMessages{Id:0, ReceiveId:0, Message:\"\", SendTime:0, Status:0} 成功"}
{"level":"INFO","time":"2023-09-14 22:03:41","caller":"MYSQL/MYSQL.go:57","message":"迁移表 &IMOfflineMessage.ImGroupOfflineMessages{Id:0, Message:\"\", SendTime:0, Status:0, ReceiveId:0} 成功"}
{"level":"INFO","time":"2023-09-14 22:03:41","caller":"MYSQL/MYSQL.go:59","message":"迁移表 &IMMessages.ImMessages{Id:0, Msg:\"\", CreatedAt:\"\", FromId:0, ToId:0, IsRead:0, MsgType:0, Status:0, Data:\"\", Users:IMMessages.ImUsers{ID:0, Name:\"\", Email:\"\", Avatar:\"\"}} 成功"}
{"level":"INFO","time":"2023-09-14 22:03:41","caller":"MYSQL/MYSQL.go:61","message":"迁移表 &IMGroupMessages.ImGroupMessages{Id:0, Message:\"\", CreatedAt:\"\", Data:\"\", SendTime:0, MsgType:0, MessageId:0, ClientMessageId:0, FromId:0, GroupId:0, Users:IMGroupMessages.ImUsers{ID:0, Name:\"\", Email:\"\", Avatar:\"\"}} 成功"}
{"level":"INFO","time":"2023-09-14 22:03:41","caller":"MYSQL/MYSQL.go:63","message":"迁移表 &IMFriendsRecords.ImFriendRecords{Id:0, FromId:0, ToId:0, Status:0, CreatedAt:\"\", Information:\"\", Users:IMFriendsRecords.ImUsers{Id:0, Name:\"\", Avatar:\"\"}} 成功"}
{"level":"INFO","time":"2023-09-14 22:03:41","caller":"MYSQL/MYSQL.go:65","message":"迁移表 &IMFriends.ImFriends{BaseModel:Models.BaseModel{ID:0x0}, Id:0, FromId:0, ToId:0, CreatedAt:\"\", UpdatedAt:\"\", Note:\"\", TopTime:\"\", Status:0, Uid:\"\", Users:IMFriends.ImUsers{ID:0, Name:\"\", Email:\"\", Avatar:\"\", Status:0, Bio:\"\", Sex:0, ClientType:0, Age:0, LastLoginTime:\"\", Uid:\"\"}} 成功"}
{"level":"INFO","time":"2023-09-14 22:03:41","caller":"HighPerformanceIMServer/main.go:44","message":"Registered service 'Im-Services' with Consul"}
{"level":"INFO","time":"2023-09-14 22:05:25","caller":"HighPerformanceIMServer/main.go:24","message":"mysql 连接成功"}
{"level":"INFO","time":"2023-09-14 22:05:25","caller":"MYSQL/MYSQL.go:46","message":"迁移表 &IMUser.ImUsers{ID:0, Name:\"\", Email:\"\", Password:\"\", CreatedAt:\"\", UpdatedAt:\"\", Avatar:\"\", BoundOauth:0, OauthType:0, Status:0, Bio:\"\", Sex:0, ClientType:0, Age:0, LastLoginTime:\"\", Uid:\"\", UserJson:\"\", UserType:0} 成功"}
{"level":"INFO","time":"2023-09-14 22:05:25","caller":"MYSQL/MYSQL.go:48","message":"迁移表 &IMSessions.ImSessions{Id:0, FromId:0, ToId:0, GroupId:0, CreatedAt:\"\", TopStatus:0, TopTime:\"\", Note:\"\", ChannelType:0, Name:\"\", Avatar:\"\", Status:0, Users:IMSessions.ImUsers{ID:0, Name:\"\", Email:\"\", Avatar:\"\", Status:0, Bio:\"\", Sex:0, ClientType:0, Age:0, LastLoginTime:\"\"}, Groups:IMSessions.ImGroups{ID:0, UserId:0, Name:\"\", CreatedAt:\"\", Info:\"\", Avatar:\"\", IsPwd:0, Hot:0}} 成功"}
{"level":"INFO","time":"2023-09-14 22:05:25","caller":"MYSQL/MYSQL.go:50","message":"迁移表 &IMGroupUsers.ImGroupUsers{Id:0, UserId:0, CreatedAt:\"\", GroupId:0, Remark:\"\", Avatar:\"\", Name:\"\", Users:IMGroupUsers.ImUsers{ID:0, Name:\"\", Email:\"\", Avatar:\"\", Status:0, Bio:\"\", Sex:0, ClientType:0, Age:0, LastLoginTime:\"\", Uid:\"\"}} 成功"}
{"level":"INFO","time":"2023-09-14 22:05:25","caller":"MYSQL/MYSQL.go:52","message":"迁移表 &IMGroups.ImGroups{Id:0, UserId:0, Name:\"\", CreatedAt:\"\", Info:\"\", Avatar:\"\", Password:\"\", IsPwd:0, Hot:0} 成功"}
{"level":"INFO","time":"2023-09-14 22:05:25","caller":"MYSQL/MYSQL.go:55","message":"迁移表 &IMOfflineMessage.ImOfflineMessages{Id:0, ReceiveId:0, Message:\"\", SendTime:0, Status:0} 成功"}
{"level":"INFO","time":"2023-09-14 22:05:25","caller":"MYSQL/MYSQL.go:57","message":"迁移表 &IMOfflineMessage.ImGroupOfflineMessages{Id:0, Message:\"\", SendTime:0, Status:0, ReceiveId:0} 成功"}
{"level":"INFO","time":"2023-09-14 22:05:25","caller":"MYSQL/MYSQL.go:59","message":"迁移表 &IMMessages.ImMessages{Id:0, Msg:\"\", CreatedAt:\"\", FromId:0, ToId:0, IsRead:0, MsgType:0, Status:0, Data:\"\", Users:IMMessages.ImUsers{ID:0, Name:\"\", Email:\"\", Avatar:\"\"}} 成功"}
{"level":"INFO","time":"2023-09-14 22:05:25","caller":"MYSQL/MYSQL.go:61","message":"迁移表 &IMGroupMessages.ImGroupMessages{Id:0, Message:\"\", CreatedAt:\"\", Data:\"\", SendTime:0, MsgType:0, MessageId:0, ClientMessageId:0, FromId:0, GroupId:0, Users:IMGroupMessages.ImUsers{ID:0, Name:\"\", Email:\"\", Avatar:\"\"}} 成功"}
{"level":"INFO","time":"2023-09-14 22:05:25","caller":"MYSQL/MYSQL.go:63","message":"迁移表 &IMFriendsRecords.ImFriendRecords{Id:0, FromId:0, ToId:0, Status:0, CreatedAt:\"\", Information:\"\", Users:IMFriendsRecords.ImUsers{Id:0, Name:\"\", Avatar:\"\"}} 成功"}
{"level":"INFO","time":"2023-09-14 22:05:25","caller":"MYSQL/MYSQL.go:65","message":"迁移表 &IMFriends.ImFriends{BaseModel:Models.BaseModel{ID:0x0}, Id:0, FromId:0, ToId:0, CreatedAt:\"\", UpdatedAt:\"\", Note:\"\", TopTime:\"\", Status:0, Uid:\"\", Users:IMFriends.ImUsers{ID:0, Name:\"\", Email:\"\", Avatar:\"\", Status:0, Bio:\"\", Sex:0, ClientType:0, Age:0, LastLoginTime:\"\", Uid:\"\"}} 成功"}
{"level":"INFO","time":"2023-09-14 22:05:25","caller":"HighPerformanceIMServer/main.go:44","message":"Registered service 'Im-Services' with Consul"}
{"level":"INFO","time":"2023-09-14 22:07:07","caller":"viper@v1.16.0/viper.go:482","message":"Config file changed: ./configs.yaml"}
{"level":"INFO","time":"2023-09-14 22:07:07","caller":"viper@v1.16.0/viper.go:482","message":"Config file changed: ./configs.yaml"}
{"level":"INFO","time":"2023-09-14 22:07:14","caller":"HighPerformanceIMServer/main.go:24","message":"mysql 连接成功"}
{"level":"INFO","time":"2023-09-14 22:07:14","caller":"MYSQL/MYSQL.go:46","message":"迁移表 &IMUser.ImUsers{ID:0, Name:\"\", Email:\"\", Password:\"\", CreatedAt:\"\", UpdatedAt:\"\", Avatar:\"\", BoundOauth:0, OauthType:0, Status:0, Bio:\"\", Sex:0, ClientType:0, Age:0, LastLoginTime:\"\", Uid:\"\", UserJson:\"\", UserType:0} 成功"}
{"level":"INFO","time":"2023-09-14 22:07:14","caller":"MYSQL/MYSQL.go:48","message":"迁移表 &IMSessions.ImSessions{Id:0, FromId:0, ToId:0, GroupId:0, CreatedAt:\"\", TopStatus:0, TopTime:\"\", Note:\"\", ChannelType:0, Name:\"\", Avatar:\"\", Status:0, Users:IMSessions.ImUsers{ID:0, Name:\"\", Email:\"\", Avatar:\"\", Status:0, Bio:\"\", Sex:0, ClientType:0, Age:0, LastLoginTime:\"\"}, Groups:IMSessions.ImGroups{ID:0, UserId:0, Name:\"\", CreatedAt:\"\", Info:\"\", Avatar:\"\", IsPwd:0, Hot:0}} 成功"}
{"level":"INFO","time":"2023-09-14 22:07:14","caller":"MYSQL/MYSQL.go:50","message":"迁移表 &IMGroupUsers.ImGroupUsers{Id:0, UserId:0, CreatedAt:\"\", GroupId:0, Remark:\"\", Avatar:\"\", Name:\"\", Users:IMGroupUsers.ImUsers{ID:0, Name:\"\", Email:\"\", Avatar:\"\", Status:0, Bio:\"\", Sex:0, ClientType:0, Age:0, LastLoginTime:\"\", Uid:\"\"}} 成功"}
{"level":"INFO","time":"2023-09-14 22:07:14","caller":"MYSQL/MYSQL.go:52","message":"迁移表 &IMGroups.ImGroups{Id:0, UserId:0, Name:\"\", CreatedAt:\"\", Info:\"\", Avatar:\"\", Password:\"\", IsPwd:0, Hot:0} 成功"}
{"level":"INFO","time":"2023-09-14 22:07:14","caller":"MYSQL/MYSQL.go:55","message":"迁移表 &IMOfflineMessage.ImOfflineMessages{Id:0, ReceiveId:0, Message:\"\", SendTime:0, Status:0} 成功"}
{"level":"INFO","time":"2023-09-14 22:07:14","caller":"MYSQL/MYSQL.go:57","message":"迁移表 &IMOfflineMessage.ImGroupOfflineMessages{Id:0, Message:\"\", SendTime:0, Status:0, ReceiveId:0} 成功"}
{"level":"INFO","time":"2023-09-14 22:07:14","caller":"MYSQL/MYSQL.go:59","message":"迁移表 &IMMessages.ImMessages{Id:0, Msg:\"\", CreatedAt:\"\", FromId:0, ToId:0, IsRead:0, MsgType:0, Status:0, Data:\"\", Users:IMMessages.ImUsers{ID:0, Name:\"\", Email:\"\", Avatar:\"\"}} 成功"}
{"level":"INFO","time":"2023-09-14 22:07:14","caller":"MYSQL/MYSQL.go:61","message":"迁移表 &IMGroupMessages.ImGroupMessages{Id:0, Message:\"\", CreatedAt:\"\", Data:\"\", SendTime:0, MsgType:0, MessageId:0, ClientMessageId:0, FromId:0, GroupId:0, Users:IMGroupMessages.ImUsers{ID:0, Name:\"\", Email:\"\", Avatar:\"\"}} 成功"}
{"level":"INFO","time":"2023-09-14 22:07:14","caller":"MYSQL/MYSQL.go:63","message":"迁移表 &IMFriendsRecords.ImFriendRecords{Id:0, FromId:0, ToId:0, Status:0, CreatedAt:\"\", Information:\"\", Users:IMFriendsRecords.ImUsers{Id:0, Name:\"\", Avatar:\"\"}} 成功"}
{"level":"INFO","time":"2023-09-14 22:07:15","caller":"MYSQL/MYSQL.go:65","message":"迁移表 &IMFriends.ImFriends{BaseModel:Models.BaseModel{ID:0x0}, Id:0, FromId:0, ToId:0, CreatedAt:\"\", UpdatedAt:\"\", Note:\"\", TopTime:\"\", Status:0, Uid:\"\", Users:IMFriends.ImUsers{ID:0, Name:\"\", Email:\"\", Avatar:\"\", Status:0, Bio:\"\", Sex:0, ClientType:0, Age:0, LastLoginTime:\"\", Uid:\"\"}} 成功"}
{"level":"INFO","time":"2023-09-14 22:07:15","caller":"HighPerformanceIMServer/main.go:44","message":"Registered service 'Im-Services' with Consul"}
{"level":"INFO","time":"2023-09-14 22:13:05","caller":"HighPerformanceIMServer/main.go:24","message":"mysql 连接成功"}
{"level":"INFO","time":"2023-09-14 22:13:05","caller":"MYSQL/MYSQL.go:46","message":"迁移表 &IMUser.ImUsers{ID:0, Name:\"\", Email:\"\", Password:\"\", CreatedAt:\"\", UpdatedAt:\"\", Avatar:\"\", BoundOauth:0, OauthType:0, Status:0, Bio:\"\", Sex:0, ClientType:0, Age:0, LastLoginTime:\"\", Uid:\"\", UserJson:\"\", UserType:0} 成功"}
{"level":"INFO","time":"2023-09-14 22:13:05","caller":"MYSQL/MYSQL.go:48","message":"迁移表 &IMSessions.ImSessions{Id:0, FromId:0, ToId:0, GroupId:0, CreatedAt:\"\", TopStatus:0, TopTime:\"\", Note:\"\", ChannelType:0, Name:\"\", Avatar:\"\", Status:0, Users:IMSessions.ImUsers{ID:0, Name:\"\", Email:\"\", Avatar:\"\", Status:0, Bio:\"\", Sex:0, ClientType:0, Age:0, LastLoginTime:\"\"}, Groups:IMSessions.ImGroups{ID:0, UserId:0, Name:\"\", CreatedAt:\"\", Info:\"\", Avatar:\"\", IsPwd:0, Hot:0}} 成功"}
{"level":"INFO","time":"2023-09-14 22:13:05","caller":"MYSQL/MYSQL.go:50","message":"迁移表 &IMGroupUsers.ImGroupUsers{Id:0, UserId:0, CreatedAt:\"\", GroupId:0, Remark:\"\", Avatar:\"\", Name:\"\", Users:IMGroupUsers.ImUsers{ID:0, Name:\"\", Email:\"\", Avatar:\"\", Status:0, Bio:\"\", Sex:0, ClientType:0, Age:0, LastLoginTime:\"\", Uid:\"\"}} 成功"}
{"level":"INFO","time":"2023-09-14 22:13:05","caller":"MYSQL/MYSQL.go:52","message":"迁移表 &IMGroups.ImGroups{Id:0, UserId:0, Name:\"\", CreatedAt:\"\", Info:\"\", Avatar:\"\", Password:\"\", IsPwd:0, Hot:0} 成功"}
{"level":"INFO","time":"2023-09-14 22:13:05","caller":"MYSQL/MYSQL.go:55","message":"迁移表 &IMOfflineMessage.ImOfflineMessages{Id:0, ReceiveId:0, Message:\"\", SendTime:0, Status:0} 成功"}
{"level":"INFO","time":"2023-09-14 22:13:05","caller":"MYSQL/MYSQL.go:57","message":"迁移表 &IMOfflineMessage.ImGroupOfflineMessages{Id:0, Message:\"\", SendTime:0, Status:0, ReceiveId:0} 成功"}
{"level":"INFO","time":"2023-09-14 22:13:05","caller":"MYSQL/MYSQL.go:59","message":"迁移表 &IMMessages.ImMessages{Id:0, Msg:\"\", CreatedAt:\"\", FromId:0, ToId:0, IsRead:0, MsgType:0, Status:0, Data:\"\", Users:IMMessages.ImUsers{ID:0, Name:\"\", Email:\"\", Avatar:\"\"}} 成功"}
{"level":"INFO","time":"2023-09-14 22:13:05","caller":"MYSQL/MYSQL.go:61","message":"迁移表 &IMGroupMessages.ImGroupMessages{Id:0, Message:\"\", CreatedAt:\"\", Data:\"\", SendTime:0, MsgType:0, MessageId:0, ClientMessageId:0, FromId:0, GroupId:0, Users:IMGroupMessages.ImUsers{ID:0, Name:\"\", Email:\"\", Avatar:\"\"}} 成功"}
{"level":"INFO","time":"2023-09-14 22:13:05","caller":"MYSQL/MYSQL.go:63","message":"迁移表 &IMFriendsRecords.ImFriendRecords{Id:0, FromId:0, ToId:0, Status:0, CreatedAt:\"\", Information:\"\", Users:IMFriendsRecords.ImUsers{Id:0, Name:\"\", Avatar:\"\"}} 成功"}
{"level":"INFO","time":"2023-09-14 22:13:05","caller":"MYSQL/MYSQL.go:65","message":"迁移表 &IMFriends.ImFriends{BaseModel:Models.BaseModel{ID:0x0}, Id:0, FromId:0, ToId:0, CreatedAt:\"\", UpdatedAt:\"\", Note:\"\", TopTime:\"\", Status:0, Uid:\"\", Users:IMFriends.ImUsers{ID:0, Name:\"\", Email:\"\", Avatar:\"\", Status:0, Bio:\"\", Sex:0, ClientType:0, Age:0, LastLoginTime:\"\", Uid:\"\"}} 成功"}
{"level":"INFO","time":"2023-09-14 22:13:05","caller":"HighPerformanceIMServer/main.go:44","message":"Registered service 'Im-Services' with Consul"}
{"level":"INFO","time":"2023-09-14 22:13:33","caller":"HighPerformanceIMServer/main.go:24","message":"mysql 连接成功"}
{"level":"INFO","time":"2023-09-14 22:13:33","caller":"MYSQL/MYSQL.go:46","message":"迁移表 &IMUser.ImUsers{ID:0, Name:\"\", Email:\"\", Password:\"\", CreatedAt:\"\", UpdatedAt:\"\", Avatar:\"\", BoundOauth:0, OauthType:0, Status:0, Bio:\"\", Sex:0, ClientType:0, Age:0, LastLoginTime:\"\", Uid:\"\", UserJson:\"\", UserType:0} 成功"}
{"level":"INFO","time":"2023-09-14 22:13:33","caller":"MYSQL/MYSQL.go:48","message":"迁移表 &IMSessions.ImSessions{Id:0, FromId:0, ToId:0, GroupId:0, CreatedAt:\"\", TopStatus:0, TopTime:\"\", Note:\"\", ChannelType:0, Name:\"\", Avatar:\"\", Status:0, Users:IMSessions.ImUsers{ID:0, Name:\"\", Email:\"\", Avatar:\"\", Status:0, Bio:\"\", Sex:0, ClientType:0, Age:0, LastLoginTime:\"\"}, Groups:IMSessions.ImGroups{ID:0, UserId:0, Name:\"\", CreatedAt:\"\", Info:\"\", Avatar:\"\", IsPwd:0, Hot:0}} 成功"}
{"level":"INFO","time":"2023-09-14 22:13:33","caller":"MYSQL/MYSQL.go:50","message":"迁移表 &IMGroupUsers.ImGroupUsers{Id:0, UserId:0, CreatedAt:\"\", GroupId:0, Remark:\"\", Avatar:\"\", Name:\"\", Users:IMGroupUsers.ImUsers{ID:0, Name:\"\", Email:\"\", Avatar:\"\", Status:0, Bio:\"\", Sex:0, ClientType:0, Age:0, LastLoginTime:\"\", Uid:\"\"}} 成功"}
{"level":"INFO","time":"2023-09-14 22:13:33","caller":"MYSQL/MYSQL.go:52","message":"迁移表 &IMGroups.ImGroups{Id:0, UserId:0, Name:\"\", CreatedAt:\"\", Info:\"\", Avatar:\"\", Password:\"\", IsPwd:0, Hot:0} 成功"}
{"level":"INFO","time":"2023-09-14 22:13:33","caller":"MYSQL/MYSQL.go:55","message":"迁移表 &IMOfflineMessage.ImOfflineMessages{Id:0, ReceiveId:0, Message:\"\", SendTime:0, Status:0} 成功"}
{"level":"INFO","time":"2023-09-14 22:13:33","caller":"MYSQL/MYSQL.go:57","message":"迁移表 &IMOfflineMessage.ImGroupOfflineMessages{Id:0, Message:\"\", SendTime:0, Status:0, ReceiveId:0} 成功"}
{"level":"INFO","time":"2023-09-14 22:13:33","caller":"MYSQL/MYSQL.go:59","message":"迁移表 &IMMessages.ImMessages{Id:0, Msg:\"\", CreatedAt:\"\", FromId:0, ToId:0, IsRead:0, MsgType:0, Status:0, Data:\"\", Users:IMMessages.ImUsers{ID:0, Name:\"\", Email:\"\", Avatar:\"\"}} 成功"}
{"level":"INFO","time":"2023-09-14 22:13:33","caller":"MYSQL/MYSQL.go:61","message":"迁移表 &IMGroupMessages.ImGroupMessages{Id:0, Message:\"\", CreatedAt:\"\", Data:\"\", SendTime:0, MsgType:0, MessageId:0, ClientMessageId:0, FromId:0, GroupId:0, Users:IMGroupMessages.ImUsers{ID:0, Name:\"\", Email:\"\", Avatar:\"\"}} 成功"}
{"level":"INFO","time":"2023-09-14 22:13:33","caller":"MYSQL/MYSQL.go:63","message":"迁移表 &IMFriendsRecords.ImFriendRecords{Id:0, FromId:0, ToId:0, Status:0, CreatedAt:\"\", Information:\"\", Users:IMFriendsRecords.ImUsers{Id:0, Name:\"\", Avatar:\"\"}} 成功"}
{"level":"INFO","time":"2023-09-14 22:13:33","caller":"MYSQL/MYSQL.go:65","message":"迁移表 &IMFriends.ImFriends{BaseModel:Models.BaseModel{ID:0x0}, Id:0, FromId:0, ToId:0, CreatedAt:\"\", UpdatedAt:\"\", Note:\"\", TopTime:\"\", Status:0, Uid:\"\", Users:IMFriends.ImUsers{ID:0, Name:\"\", Email:\"\", Avatar:\"\", Status:0, Bio:\"\", Sex:0, ClientType:0, Age:0, LastLoginTime:\"\", Uid:\"\"}} 成功"}
{"level":"INFO","time":"2023-09-14 22:13:33","caller":"HighPerformanceIMServer/main.go:44","message":"Registered service 'Im-Services' with Consul"}
{"level":"INFO","time":"2023-09-14 23:06:36","caller":"HighPerformanceIMServer/main.go:24","message":"mysql 连接成功"}
{"level":"INFO","time":"2023-09-14 23:06:36","caller":"MYSQL/MYSQL.go:46","message":"迁移表 &IMUser.ImUsers{ID:0, Name:\"\", Email:\"\", Password:\"\", CreatedAt:\"\", UpdatedAt:\"\", Avatar:\"\", BoundOauth:0, OauthType:0, Status:0, Bio:\"\", Sex:0, ClientType:0, Age:0, LastLoginTime:\"\", Uid:\"\", UserJson:\"\", UserType:0} 成功"}
{"level":"INFO","time":"2023-09-14 23:06:36","caller":"MYSQL/MYSQL.go:48","message":"迁移表 &IMSessions.ImSessions{Id:0, FromId:0, ToId:0, GroupId:0, CreatedAt:\"\", TopStatus:0, TopTime:\"\", Note:\"\", ChannelType:0, Name:\"\", Avatar:\"\", Status:0, Users:IMSessions.ImUsers{ID:0, Name:\"\", Email:\"\", Avatar:\"\", Status:0, Bio:\"\", Sex:0, ClientType:0, Age:0, LastLoginTime:\"\"}, Groups:IMSessions.ImGroups{ID:0, UserId:0, Name:\"\", CreatedAt:\"\", Info:\"\", Avatar:\"\", IsPwd:0, Hot:0}} 成功"}
{"level":"INFO","time":"2023-09-14 23:06:36","caller":"MYSQL/MYSQL.go:50","message":"迁移表 &IMGroupUsers.ImGroupUsers{Id:0, UserId:0, CreatedAt:\"\", GroupId:0, Remark:\"\", Avatar:\"\", Name:\"\", Users:IMGroupUsers.ImUsers{ID:0, Name:\"\", Email:\"\", Avatar:\"\", Status:0, Bio:\"\", Sex:0, ClientType:0, Age:0, LastLoginTime:\"\", Uid:\"\"}} 成功"}
{"level":"INFO","time":"2023-09-14 23:06:36","caller":"MYSQL/MYSQL.go:52","message":"迁移表 &IMGroups.ImGroups{Id:0, UserId:0, Name:\"\", CreatedAt:\"\", Info:\"\", Avatar:\"\", Password:\"\", IsPwd:0, Hot:0} 成功"}
{"level":"INFO","time":"2023-09-14 23:06:37","caller":"MYSQL/MYSQL.go:55","message":"迁移表 &IMOfflineMessage.ImOfflineMessages{Id:0, ReceiveId:0, Message:\"\", SendTime:0, Status:0} 成功"}
{"level":"INFO","time":"2023-09-14 23:06:37","caller":"MYSQL/MYSQL.go:57","message":"迁移表 &IMOfflineMessage.ImGroupOfflineMessages{Id:0, Message:\"\", SendTime:0, Status:0, ReceiveId:0} 成功"}
{"level":"INFO","time":"2023-09-14 23:06:37","caller":"MYSQL/MYSQL.go:59","message":"迁移表 &IMMessages.ImMessages{Id:0, Msg:\"\", CreatedAt:\"\", FromId:0, ToId:0, IsRead:0, MsgType:0, Status:0, Data:\"\", Users:IMMessages.ImUsers{ID:0, Name:\"\", Email:\"\", Avatar:\"\"}} 成功"}
{"level":"INFO","time":"2023-09-14 23:06:37","caller":"MYSQL/MYSQL.go:61","message":"迁移表 &IMGroupMessages.ImGroupMessages{Id:0, Message:\"\", CreatedAt:\"\", Data:\"\", SendTime:0, MsgType:0, MessageId:0, ClientMessageId:0, FromId:0, GroupId:0, Users:IMGroupMessages.ImUsers{ID:0, Name:\"\", Email:\"\", Avatar:\"\"}} 成功"}
{"level":"INFO","time":"2023-09-14 23:06:37","caller":"MYSQL/MYSQL.go:63","message":"迁移表 &IMFriendsRecords.ImFriendRecords{Id:0, FromId:0, ToId:0, Status:0, CreatedAt:\"\", Information:\"\", Users:IMFriendsRecords.ImUsers{Id:0, Name:\"\", Avatar:\"\"}} 成功"}
{"level":"INFO","time":"2023-09-14 23:06:37","caller":"MYSQL/MYSQL.go:65","message":"迁移表 &IMFriends.ImFriends{BaseModel:Models.BaseModel{ID:0x0}, Id:0, FromId:0, ToId:0, CreatedAt:\"\", UpdatedAt:\"\", Note:\"\", TopTime:\"\", Status:0, Uid:\"\", Users:IMFriends.ImUsers{ID:0, Name:\"\", Email:\"\", Avatar:\"\", Status:0, Bio:\"\", Sex:0, ClientType:0, Age:0, LastLoginTime:\"\", Uid:\"\"}} 成功"}
{"level":"INFO","time":"2023-09-14 23:06:37","caller":"HighPerformanceIMServer/main.go:44","message":"Registered service 'Im-Services' with Consul"}
{"level":"INFO","time":"2023-09-14 23:06:50","caller":"HighPerformanceIMServer/main.go:24","message":"mysql 连接成功"}
{"level":"INFO","time":"2023-09-14 23:06:50","caller":"MYSQL/MYSQL.go:46","message":"迁移表 &IMUser.ImUsers{ID:0, Name:\"\", Email:\"\", Password:\"\", CreatedAt:\"\", UpdatedAt:\"\", Avatar:\"\", BoundOauth:0, OauthType:0, Status:0, Bio:\"\", Sex:0, ClientType:0, Age:0, LastLoginTime:\"\", Uid:\"\", UserJson:\"\", UserType:0} 成功"}
{"level":"INFO","time":"2023-09-14 23:06:50","caller":"MYSQL/MYSQL.go:48","message":"迁移表 &IMSessions.ImSessions{Id:0, FromId:0, ToId:0, GroupId:0, CreatedAt:\"\", TopStatus:0, TopTime:\"\", Note:\"\", ChannelType:0, Name:\"\", Avatar:\"\", Status:0, Users:IMSessions.ImUsers{ID:0, Name:\"\", Email:\"\", Avatar:\"\", Status:0, Bio:\"\", Sex:0, ClientType:0, Age:0, LastLoginTime:\"\"}, Groups:IMSessions.ImGroups{ID:0, UserId:0, Name:\"\", CreatedAt:\"\", Info:\"\", Avatar:\"\", IsPwd:0, Hot:0}} 成功"}
{"level":"INFO","time":"2023-09-14 23:06:50","caller":"MYSQL/MYSQL.go:50","message":"迁移表 &IMGroupUsers.ImGroupUsers{Id:0, UserId:0, CreatedAt:\"\", GroupId:0, Remark:\"\", Avatar:\"\", Name:\"\", Users:IMGroupUsers.ImUsers{ID:0, Name:\"\", Email:\"\", Avatar:\"\", Status:0, Bio:\"\", Sex:0, ClientType:0, Age:0, LastLoginTime:\"\", Uid:\"\"}} 成功"}
{"level":"INFO","time":"2023-09-14 23:06:50","caller":"MYSQL/MYSQL.go:52","message":"迁移表 &IMGroups.ImGroups{Id:0, UserId:0, Name:\"\", CreatedAt:\"\", Info:\"\", Avatar:\"\", Password:\"\", IsPwd:0, Hot:0} 成功"}
{"level":"INFO","time":"2023-09-14 23:06:50","caller":"MYSQL/MYSQL.go:55","message":"迁移表 &IMOfflineMessage.ImOfflineMessages{Id:0, ReceiveId:0, Message:\"\", SendTime:0, Status:0} 成功"}
{"level":"INFO","time":"2023-09-14 23:06:50","caller":"MYSQL/MYSQL.go:57","message":"迁移表 &IMOfflineMessage.ImGroupOfflineMessages{Id:0, Message:\"\", SendTime:0, Status:0, ReceiveId:0} 成功"}
{"level":"INFO","time":"2023-09-14 23:06:50","caller":"MYSQL/MYSQL.go:59","message":"迁移表 &IMMessages.ImMessages{Id:0, Msg:\"\", CreatedAt:\"\", FromId:0, ToId:0, IsRead:0, MsgType:0, Status:0, Data:\"\", Users:IMMessages.ImUsers{ID:0, Name:\"\", Email:\"\", Avatar:\"\"}} 成功"}
{"level":"INFO","time":"2023-09-14 23:06:50","caller":"MYSQL/MYSQL.go:61","message":"迁移表 &IMGroupMessages.ImGroupMessages{Id:0, Message:\"\", CreatedAt:\"\", Data:\"\", SendTime:0, MsgType:0, MessageId:0, ClientMessageId:0, FromId:0, GroupId:0, Users:IMGroupMessages.ImUsers{ID:0, Name:\"\", Email:\"\", Avatar:\"\"}} 成功"}
{"level":"INFO","time":"2023-09-14 23:06:50","caller":"MYSQL/MYSQL.go:63","message":"迁移表 &IMFriendsRecords.ImFriendRecords{Id:0, FromId:0, ToId:0, Status:0, CreatedAt:\"\", Information:\"\", Users:IMFriendsRecords.ImUsers{Id:0, Name:\"\", Avatar:\"\"}} 成功"}
{"level":"INFO","time":"2023-09-14 23:06:50","caller":"MYSQL/MYSQL.go:65","message":"迁移表 &IMFriends.ImFriends{BaseModel:Models.BaseModel{ID:0x0}, Id:0, FromId:0, ToId:0, CreatedAt:\"\", UpdatedAt:\"\", Note:\"\", TopTime:\"\", Status:0, Uid:\"\", Users:IMFriends.ImUsers{ID:0, Name:\"\", Email:\"\", Avatar:\"\", Status:0, Bio:\"\", Sex:0, ClientType:0, Age:0, LastLoginTime:\"\", Uid:\"\"}} 成功"}
{"level":"INFO","time":"2023-09-14 23:06:50","caller":"HighPerformanceIMServer/main.go:44","message":"Registered service 'Im-Services' with Consul"}
{"level":"INFO","time":"2023-09-14 23:08:06","caller":"HighPerformanceIMServer/main.go:24","message":"mysql 连接成功"}
{"level":"INFO","time":"2023-09-14 23:08:06","caller":"MYSQL/MYSQL.go:46","message":"迁移表 &IMUser.ImUsers{ID:0, Name:\"\", Email:\"\", Password:\"\", CreatedAt:\"\", UpdatedAt:\"\", Avatar:\"\", BoundOauth:0, OauthType:0, Status:0, Bio:\"\", Sex:0, ClientType:0, Age:0, LastLoginTime:\"\", Uid:\"\", UserJson:\"\", UserType:0} 成功"}
{"level":"INFO","time":"2023-09-14 23:08:06","caller":"MYSQL/MYSQL.go:48","message":"迁移表 &IMSessions.ImSessions{Id:0, FromId:0, ToId:0, GroupId:0, CreatedAt:\"\", TopStatus:0, TopTime:\"\", Note:\"\", ChannelType:0, Name:\"\", Avatar:\"\", Status:0, Users:IMSessions.ImUsers{ID:0, Name:\"\", Email:\"\", Avatar:\"\", Status:0, Bio:\"\", Sex:0, ClientType:0, Age:0, LastLoginTime:\"\"}, Groups:IMSessions.ImGroups{ID:0, UserId:0, Name:\"\", CreatedAt:\"\", Info:\"\", Avatar:\"\", IsPwd:0, Hot:0}} 成功"}
{"level":"INFO","time":"2023-09-14 23:08:06","caller":"MYSQL/MYSQL.go:50","message":"迁移表 &IMGroupUsers.ImGroupUsers{Id:0, UserId:0, CreatedAt:\"\", GroupId:0, Remark:\"\", Avatar:\"\", Name:\"\", Users:IMGroupUsers.ImUsers{ID:0, Name:\"\", Email:\"\", Avatar:\"\", Status:0, Bio:\"\", Sex:0, ClientType:0, Age:0, LastLoginTime:\"\", Uid:\"\"}} 成功"}
{"level":"INFO","time":"2023-09-14 23:08:06","caller":"MYSQL/MYSQL.go:52","message":"迁移表 &IMGroups.ImGroups{Id:0, UserId:0, Name:\"\", CreatedAt:\"\", Info:\"\", Avatar:\"\", Password:\"\", IsPwd:0, Hot:0} 成功"}
{"level":"INFO","time":"2023-09-14 23:08:06","caller":"MYSQL/MYSQL.go:55","message":"迁移表 &IMOfflineMessage.ImOfflineMessages{Id:0, ReceiveId:0, Message:\"\", SendTime:0, Status:0} 成功"}
{"level":"INFO","time":"2023-09-14 23:08:06","caller":"MYSQL/MYSQL.go:57","message":"迁移表 &IMOfflineMessage.ImGroupOfflineMessages{Id:0, Message:\"\", SendTime:0, Status:0, ReceiveId:0} 成功"}
{"level":"INFO","time":"2023-09-14 23:08:06","caller":"MYSQL/MYSQL.go:59","message":"迁移表 &IMMessages.ImMessages{Id:0, Msg:\"\", CreatedAt:\"\", FromId:0, ToId:0, IsRead:0, MsgType:0, Status:0, Data:\"\", Users:IMMessages.ImUsers{ID:0, Name:\"\", Email:\"\", Avatar:\"\"}} 成功"}
{"level":"INFO","time":"2023-09-14 23:08:06","caller":"MYSQL/MYSQL.go:61","message":"迁移表 &IMGroupMessages.ImGroupMessages{Id:0, Message:\"\", CreatedAt:\"\", Data:\"\", SendTime:0, MsgType:0, MessageId:0, ClientMessageId:0, FromId:0, GroupId:0, Users:IMGroupMessages.ImUsers{ID:0, Name:\"\", Email:\"\", Avatar:\"\"}} 成功"}
{"level":"INFO","time":"2023-09-14 23:08:06","caller":"MYSQL/MYSQL.go:63","message":"迁移表 &IMFriendsRecords.ImFriendRecords{Id:0, FromId:0, ToId:0, Status:0, CreatedAt:\"\", Information:\"\", Users:IMFriendsRecords.ImUsers{Id:0, Name:\"\", Avatar:\"\"}} 成功"}
{"level":"INFO","time":"2023-09-14 23:08:06","caller":"MYSQL/MYSQL.go:65","message":"迁移表 &IMFriends.ImFriends{BaseModel:Models.BaseModel{ID:0x0}, Id:0, FromId:0, ToId:0, CreatedAt:\"\", UpdatedAt:\"\", Note:\"\", TopTime:\"\", Status:0, Uid:\"\", Users:IMFriends.ImUsers{ID:0, Name:\"\", Email:\"\", Avatar:\"\", Status:0, Bio:\"\", Sex:0, ClientType:0, Age:0, LastLoginTime:\"\", Uid:\"\"}} 成功"}
{"level":"INFO","time":"2023-09-14 23:08:06","caller":"HighPerformanceIMServer/main.go:44","message":"Registered service 'Im-Services' with Consul"}
{"level":"INFO","time":"2023-09-14 23:08:43","caller":"HighPerformanceIMServer/main.go:24","message":"mysql 连接成功"}
{"level":"INFO","time":"2023-09-14 23:08:43","caller":"MYSQL/MYSQL.go:46","message":"迁移表 &IMUser.ImUsers{ID:0, Name:\"\", Email:\"\", Password:\"\", CreatedAt:\"\", UpdatedAt:\"\", Avatar:\"\", BoundOauth:0, OauthType:0, Status:0, Bio:\"\", Sex:0, ClientType:0, Age:0, LastLoginTime:\"\", Uid:\"\", UserJson:\"\", UserType:0} 成功"}
{"level":"INFO","time":"2023-09-14 23:08:43","caller":"MYSQL/MYSQL.go:48","message":"迁移表 &IMSessions.ImSessions{Id:0, FromId:0, ToId:0, GroupId:0, CreatedAt:\"\", TopStatus:0, TopTime:\"\", Note:\"\", ChannelType:0, Name:\"\", Avatar:\"\", Status:0, Users:IMSessions.ImUsers{ID:0, Name:\"\", Email:\"\", Avatar:\"\", Status:0, Bio:\"\", Sex:0, ClientType:0, Age:0, LastLoginTime:\"\"}, Groups:IMSessions.ImGroups{ID:0, UserId:0, Name:\"\", CreatedAt:\"\", Info:\"\", Avatar:\"\", IsPwd:0, Hot:0}} 成功"}
{"level":"INFO","time":"2023-09-14 23:08:43","caller":"MYSQL/MYSQL.go:50","message":"迁移表 &IMGroupUsers.ImGroupUsers{Id:0, UserId:0, CreatedAt:\"\", GroupId:0, Remark:\"\", Avatar:\"\", Name:\"\", Users:IMGroupUsers.ImUsers{ID:0, Name:\"\", Email:\"\", Avatar:\"\", Status:0, Bio:\"\", Sex:0, ClientType:0, Age:0, LastLoginTime:\"\", Uid:\"\"}} 成功"}
{"level":"INFO","time":"2023-09-14 23:08:43","caller":"MYSQL/MYSQL.go:52","message":"迁移表 &IMGroups.ImGroups{Id:0, UserId:0, Name:\"\", CreatedAt:\"\", Info:\"\", Avatar:\"\", Password:\"\", IsPwd:0, Hot:0} 成功"}
{"level":"INFO","time":"2023-09-14 23:08:43","caller":"MYSQL/MYSQL.go:55","message":"迁移表 &IMOfflineMessage.ImOfflineMessages{Id:0, ReceiveId:0, Message:\"\", SendTime:0, Status:0} 成功"}
{"level":"INFO","time":"2023-09-14 23:08:43","caller":"MYSQL/MYSQL.go:57","message":"迁移表 &IMOfflineMessage.ImGroupOfflineMessages{Id:0, Message:\"\", SendTime:0, Status:0, ReceiveId:0} 成功"}
{"level":"INFO","time":"2023-09-14 23:08:43","caller":"MYSQL/MYSQL.go:59","message":"迁移表 &IMMessages.ImMessages{Id:0, Msg:\"\", CreatedAt:\"\", FromId:0, ToId:0, IsRead:0, MsgType:0, Status:0, Data:\"\", Users:IMMessages.ImUsers{ID:0, Name:\"\", Email:\"\", Avatar:\"\"}} 成功"}
{"level":"INFO","time":"2023-09-14 23:08:43","caller":"MYSQL/MYSQL.go:61","message":"迁移表 &IMGroupMessages.ImGroupMessages{Id:0, Message:\"\", CreatedAt:\"\", Data:\"\", SendTime:0, MsgType:0, MessageId:0, ClientMessageId:0, FromId:0, GroupId:0, Users:IMGroupMessages.ImUsers{ID:0, Name:\"\", Email:\"\", Avatar:\"\"}} 成功"}
{"level":"INFO","time":"2023-09-14 23:08:43","caller":"MYSQL/MYSQL.go:63","message":"迁移表 &IMFriendsRecords.ImFriendRecords{Id:0, FromId:0, ToId:0, Status:0, CreatedAt:\"\", Information:\"\", Users:IMFriendsRecords.ImUsers{Id:0, Name:\"\", Avatar:\"\"}} 成功"}
{"level":"INFO","time":"2023-09-14 23:08:43","caller":"MYSQL/MYSQL.go:65","message":"迁移表 &IMFriends.ImFriends{BaseModel:Models.BaseModel{ID:0x0}, Id:0, FromId:0, ToId:0, CreatedAt:\"\", UpdatedAt:\"\", Note:\"\", TopTime:\"\", Status:0, Uid:\"\", Users:IMFriends.ImUsers{ID:0, Name:\"\", Email:\"\", Avatar:\"\", Status:0, Bio:\"\", Sex:0, ClientType:0, Age:0, LastLoginTime:\"\", Uid:\"\"}} 成功"}
{"level":"INFO","time":"2023-09-14 23:08:43","caller":"HighPerformanceIMServer/main.go:44","message":"Registered service 'Im-Services' with Consul"}
{"level":"INFO","time":"2023-09-14 23:09:49","caller":"HighPerformanceIMServer/main.go:24","message":"mysql 连接成功"}
{"level":"INFO","time":"2023-09-14 23:09:49","caller":"MYSQL/MYSQL.go:46","message":"迁移表 &IMUser.ImUsers{ID:0, Name:\"\", Email:\"\", Password:\"\", CreatedAt:\"\", UpdatedAt:\"\", Avatar:\"\", BoundOauth:0, OauthType:0, Status:0, Bio:\"\", Sex:0, ClientType:0, Age:0, LastLoginTime:\"\", Uid:\"\", UserJson:\"\", UserType:0} 成功"}
{"level":"INFO","time":"2023-09-14 23:09:49","caller":"MYSQL/MYSQL.go:48","message":"迁移表 &IMSessions.ImSessions{Id:0, FromId:0, ToId:0, GroupId:0, CreatedAt:\"\", TopStatus:0, TopTime:\"\", Note:\"\", ChannelType:0, Name:\"\", Avatar:\"\", Status:0, Users:IMSessions.ImUsers{ID:0, Name:\"\", Email:\"\", Avatar:\"\", Status:0, Bio:\"\", Sex:0, ClientType:0, Age:0, LastLoginTime:\"\"}, Groups:IMSessions.ImGroups{ID:0, UserId:0, Name:\"\", CreatedAt:\"\", Info:\"\", Avatar:\"\", IsPwd:0, Hot:0}} 成功"}
{"level":"INFO","time":"2023-09-14 23:09:49","caller":"MYSQL/MYSQL.go:50","message":"迁移表 &IMGroupUsers.ImGroupUsers{Id:0, UserId:0, CreatedAt:\"\", GroupId:0, Remark:\"\", Avatar:\"\", Name:\"\", Users:IMGroupUsers.ImUsers{ID:0, Name:\"\", Email:\"\", Avatar:\"\", Status:0, Bio:\"\", Sex:0, ClientType:0, Age:0, LastLoginTime:\"\", Uid:\"\"}} 成功"}
{"level":"INFO","time":"2023-09-14 23:09:49","caller":"MYSQL/MYSQL.go:52","message":"迁移表 &IMGroups.ImGroups{Id:0, UserId:0, Name:\"\", CreatedAt:\"\", Info:\"\", Avatar:\"\", Password:\"\", IsPwd:0, Hot:0} 成功"}
{"level":"INFO","time":"2023-09-14 23:09:49","caller":"MYSQL/MYSQL.go:55","message":"迁移表 &IMOfflineMessage.ImOfflineMessages{Id:0, ReceiveId:0, Message:\"\", SendTime:0, Status:0} 成功"}
{"level":"INFO","time":"2023-09-14 23:09:49","caller":"MYSQL/MYSQL.go:57","message":"迁移表 &IMOfflineMessage.ImGroupOfflineMessages{Id:0, Message:\"\", SendTime:0, Status:0, ReceiveId:0} 成功"}
{"level":"INFO","time":"2023-09-14 23:09:49","caller":"MYSQL/MYSQL.go:59","message":"迁移表 &IMMessages.ImMessages{Id:0, Msg:\"\", CreatedAt:\"\", FromId:0, ToId:0, IsRead:0, MsgType:0, Status:0, Data:\"\", Users:IMMessages.ImUsers{ID:0, Name:\"\", Email:\"\", Avatar:\"\"}} 成功"}
{"level":"INFO","time":"2023-09-14 23:09:49","caller":"MYSQL/MYSQL.go:61","message":"迁移表 &IMGroupMessages.ImGroupMessages{Id:0, Message:\"\", CreatedAt:\"\", Data:\"\", SendTime:0, MsgType:0, MessageId:0, ClientMessageId:0, FromId:0, GroupId:0, Users:IMGroupMessages.ImUsers{ID:0, Name:\"\", Email:\"\", Avatar:\"\"}} 成功"}
{"level":"INFO","time":"2023-09-14 23:09:49","caller":"MYSQL/MYSQL.go:63","message":"迁移表 &IMFriendsRecords.ImFriendRecords{Id:0, FromId:0, ToId:0, Status:0, CreatedAt:\"\", Information:\"\", Users:IMFriendsRecords.ImUsers{Id:0, Name:\"\", Avatar:\"\"}} 成功"}
{"level":"INFO","time":"2023-09-14 23:09:49","caller":"MYSQL/MYSQL.go:65","message":"迁移表 &IMFriends.ImFriends{BaseModel:Models.BaseModel{ID:0x0}, Id:0, FromId:0, ToId:0, CreatedAt:\"\", UpdatedAt:\"\", Note:\"\", TopTime:\"\", Status:0, Uid:\"\", Users:IMFriends.ImUsers{ID:0, Name:\"\", Email:\"\", Avatar:\"\", Status:0, Bio:\"\", Sex:0, ClientType:0, Age:0, LastLoginTime:\"\", Uid:\"\"}} 成功"}
{"level":"INFO","time":"2023-09-14 23:09:49","caller":"HighPerformanceIMServer/main.go:44","message":"Registered service 'Im-Services' with Consul"}
